{"/home/travis/build/npmtest/node-npmtest-ib/test.js":{"path":"/home/travis/build/npmtest/node-npmtest-ib/test.js","s":{"1":2,"2":2,"3":2,"4":2,"5":2,"6":2,"7":2,"8":1,"9":2,"10":2,"11":1,"12":1,"13":1,"14":1,"15":2,"16":2,"17":2,"18":2,"19":1,"20":1,"21":2,"22":2,"23":2,"24":1,"25":1,"26":1,"27":1,"28":1,"29":1,"30":1,"31":1,"32":1,"33":1,"34":1,"35":1,"36":1,"37":1,"38":1,"39":2,"40":2,"41":1,"42":2,"43":2,"44":1,"45":2,"46":2,"47":1,"48":2,"49":2,"50":1,"51":1,"52":1,"53":1,"54":1},"b":{"1":[2,1,1,1],"2":[1,1,1,1],"3":[1,1],"4":[1,1],"5":[1,1],"6":[1,1],"7":[1,1],"8":[1,1],"9":[1,1],"10":[1,1,1],"11":[1,1],"12":[1,1],"13":[1,1],"14":[1,1],"15":[1,1],"16":[1,1],"17":[1,1]},"f":{"1":2,"2":2,"3":2,"4":2,"5":2,"6":1,"7":1,"8":1,"9":2,"10":2,"11":2,"12":2,"13":1},"fnMap":{"1":{"name":"(anonymous_1)","line":12,"loc":{"start":{"line":12,"column":1},"end":{"line":12,"column":13}}},"2":{"name":"(anonymous_2)","line":19,"loc":{"start":{"line":19,"column":5},"end":{"line":19,"column":17}}},"3":{"name":"(anonymous_3)","line":23,"loc":{"start":{"line":23,"column":24},"end":{"line":23,"column":36}}},"4":{"name":"(anonymous_4)","line":61,"loc":{"start":{"line":61,"column":5},"end":{"line":61,"column":17}}},"5":{"name":"(anonymous_5)","line":82,"loc":{"start":{"line":82,"column":5},"end":{"line":82,"column":17}}},"6":{"name":"(anonymous_6)","line":91,"loc":{"start":{"line":91,"column":77},"end":{"line":94,"column":10}}},"7":{"name":"(anonymous_7)","line":112,"loc":{"start":{"line":112,"column":83},"end":{"line":115,"column":10}},"skip":true},"8":{"name":"(anonymous_8)","line":123,"loc":{"start":{"line":123,"column":77},"end":{"line":126,"column":10}},"skip":true},"9":{"name":"(anonymous_9)","line":139,"loc":{"start":{"line":139,"column":12},"end":{"line":139,"column":40}},"skip":true},"10":{"name":"(anonymous_10)","line":147,"loc":{"start":{"line":147,"column":77},"end":{"line":150,"column":10}},"skip":true},"11":{"name":"(anonymous_11)","line":158,"loc":{"start":{"line":158,"column":83},"end":{"line":161,"column":10}},"skip":true},"12":{"name":"(anonymous_12)","line":169,"loc":{"start":{"line":169,"column":79},"end":{"line":172,"column":10}},"skip":true},"13":{"name":"(anonymous_13)","line":180,"loc":{"start":{"line":180,"column":75},"end":{"line":183,"column":10}},"skip":true}},"statementMap":{"1":{"start":{"line":12,"column":0},"end":{"line":195,"column":5}},"2":{"start":{"line":14,"column":4},"end":{"line":14,"column":14}},"3":{"start":{"line":19,"column":4},"end":{"line":56,"column":9}},"4":{"start":{"line":21,"column":8},"end":{"line":21,"column":19}},"5":{"start":{"line":23,"column":8},"end":{"line":35,"column":13}},"6":{"start":{"line":24,"column":12},"end":{"line":34,"column":13}},"7":{"start":{"line":25,"column":16},"end":{"line":28,"column":30}},"8":{"start":{"line":30,"column":16},"end":{"line":33,"column":27}},"9":{"start":{"line":37,"column":8},"end":{"line":39,"column":21}},"10":{"start":{"line":40,"column":8},"end":{"line":53,"column":9}},"11":{"start":{"line":43,"column":12},"end":{"line":46,"column":14}},"12":{"start":{"line":47,"column":12},"end":{"line":47,"column":18}},"13":{"start":{"line":50,"column":12},"end":{"line":51,"column":33}},"14":{"start":{"line":52,"column":12},"end":{"line":52,"column":18}},"15":{"start":{"line":55,"column":8},"end":{"line":55,"column":35}},"16":{"start":{"line":61,"column":4},"end":{"line":63,"column":9}},"17":{"start":{"line":62,"column":8},"end":{"line":62,"column":15}},"18":{"start":{"line":64,"column":4},"end":{"line":77,"column":5}},"19":{"start":{"line":70,"column":8},"end":{"line":70,"column":14}},"20":{"start":{"line":76,"column":8},"end":{"line":76,"column":14}},"21":{"start":{"line":82,"column":4},"end":{"line":84,"column":9}},"22":{"start":{"line":83,"column":8},"end":{"line":83,"column":15}},"23":{"start":{"line":85,"column":4},"end":{"line":194,"column":5}},"24":{"start":{"line":91,"column":8},"end":{"line":99,"column":10}},"25":{"start":{"line":98,"column":12},"end":{"line":98,"column":35}},"26":{"start":{"line":102,"column":8},"end":{"line":104,"column":63}},"27":{"start":{"line":105,"column":8},"end":{"line":105,"column":14}},"28":{"start":{"line":112,"column":8},"end":{"line":121,"column":10},"skip":true},"29":{"start":{"line":119,"column":12},"end":{"line":119,"column":55},"skip":true},"30":{"start":{"line":120,"column":12},"end":{"line":120,"column":48},"skip":true},"31":{"start":{"line":123,"column":8},"end":{"line":136,"column":10},"skip":true},"32":{"start":{"line":130,"column":12},"end":{"line":130,"column":76},"skip":true},"33":{"start":{"line":131,"column":12},"end":{"line":131,"column":73},"skip":true},"34":{"start":{"line":132,"column":12},"end":{"line":132,"column":74},"skip":true},"35":{"start":{"line":133,"column":12},"end":{"line":133,"column":79},"skip":true},"36":{"start":{"line":134,"column":12},"end":{"line":134,"column":25},"skip":true},"37":{"start":{"line":135,"column":12},"end":{"line":135,"column":45},"skip":true},"38":{"start":{"line":138,"column":8},"end":{"line":145,"column":14},"skip":true},"39":{"start":{"line":143,"column":16},"end":{"line":143,"column":29},"skip":true},"40":{"start":{"line":144,"column":16},"end":{"line":144,"column":55},"skip":true},"41":{"start":{"line":147,"column":8},"end":{"line":156,"column":10},"skip":true},"42":{"start":{"line":154,"column":12},"end":{"line":154,"column":25},"skip":true},"43":{"start":{"line":155,"column":12},"end":{"line":155,"column":45},"skip":true},"44":{"start":{"line":158,"column":8},"end":{"line":167,"column":10},"skip":true},"45":{"start":{"line":165,"column":12},"end":{"line":165,"column":25},"skip":true},"46":{"start":{"line":166,"column":12},"end":{"line":166,"column":48},"skip":true},"47":{"start":{"line":169,"column":8},"end":{"line":178,"column":10},"skip":true},"48":{"start":{"line":176,"column":12},"end":{"line":176,"column":25},"skip":true},"49":{"start":{"line":177,"column":12},"end":{"line":177,"column":46},"skip":true},"50":{"start":{"line":180,"column":8},"end":{"line":189,"column":10},"skip":true},"51":{"start":{"line":187,"column":12},"end":{"line":187,"column":94},"skip":true},"52":{"start":{"line":188,"column":12},"end":{"line":188,"column":48},"skip":true},"53":{"start":{"line":192,"column":8},"end":{"line":192,"column":35},"skip":true},"54":{"start":{"line":193,"column":8},"end":{"line":193,"column":14},"skip":true}},"branchMap":{"1":{"line":25,"type":"binary-expr","locations":[{"start":{"line":25,"column":23},"end":{"line":25,"column":62}},{"start":{"line":26,"column":20},"end":{"line":26,"column":70}},{"start":{"line":27,"column":20},"end":{"line":27,"column":71}},{"start":{"line":28,"column":20},"end":{"line":28,"column":29}}]},"2":{"line":30,"type":"binary-expr","locations":[{"start":{"line":30,"column":23},"end":{"line":30,"column":37}},{"start":{"line":31,"column":20},"end":{"line":31,"column":61}},{"start":{"line":32,"column":20},"end":{"line":32,"column":70}},{"start":{"line":33,"column":20},"end":{"line":33,"column":26}}]},"3":{"line":37,"type":"cond-expr","locations":[{"start":{"line":38,"column":14},"end":{"line":38,"column":20}},{"start":{"line":39,"column":14},"end":{"line":39,"column":20}}]},"4":{"line":40,"type":"switch","locations":[{"start":{"line":42,"column":8},"end":{"line":47,"column":18}},{"start":{"line":49,"column":8},"end":{"line":52,"column":18}}]},"5":{"line":44,"type":"binary-expr","locations":[{"start":{"line":44,"column":16},"end":{"line":44,"column":44}},{"start":{"line":44,"column":48},"end":{"line":44,"column":66}}]},"6":{"line":50,"type":"binary-expr","locations":[{"start":{"line":50,"column":21},"end":{"line":50,"column":49}},{"start":{"line":50,"column":53},"end":{"line":50,"column":72}}]},"7":{"line":64,"type":"switch","locations":[{"start":{"line":69,"column":4},"end":{"line":70,"column":14}},{"start":{"line":75,"column":4},"end":{"line":76,"column":14}}]},"8":{"line":85,"type":"switch","locations":[{"start":{"line":90,"column":4},"end":{"line":105,"column":14}},{"start":{"line":111,"column":4},"end":{"line":193,"column":14},"skip":true}]},"9":{"line":91,"type":"binary-expr","locations":[{"start":{"line":91,"column":42},"end":{"line":91,"column":73}},{"start":{"line":91,"column":77},"end":{"line":99,"column":9}}]},"10":{"line":102,"type":"binary-expr","locations":[{"start":{"line":102,"column":18},"end":{"line":102,"column":32}},{"start":{"line":103,"column":12},"end":{"line":103,"column":53}},{"start":{"line":104,"column":12},"end":{"line":104,"column":61}}]},"11":{"line":112,"type":"binary-expr","locations":[{"start":{"line":112,"column":45},"end":{"line":112,"column":79},"skip":true},{"start":{"line":112,"column":83},"end":{"line":121,"column":9},"skip":true}]},"12":{"line":123,"type":"binary-expr","locations":[{"start":{"line":123,"column":42},"end":{"line":123,"column":73},"skip":true},{"start":{"line":123,"column":77},"end":{"line":136,"column":9},"skip":true}]},"13":{"line":138,"type":"binary-expr","locations":[{"start":{"line":138,"column":48},"end":{"line":138,"column":85},"skip":true},{"start":{"line":139,"column":12},"end":{"line":145,"column":13},"skip":true}]},"14":{"line":147,"type":"binary-expr","locations":[{"start":{"line":147,"column":42},"end":{"line":147,"column":73},"skip":true},{"start":{"line":147,"column":77},"end":{"line":156,"column":9},"skip":true}]},"15":{"line":158,"type":"binary-expr","locations":[{"start":{"line":158,"column":45},"end":{"line":158,"column":79},"skip":true},{"start":{"line":158,"column":83},"end":{"line":167,"column":9},"skip":true}]},"16":{"line":169,"type":"binary-expr","locations":[{"start":{"line":169,"column":43},"end":{"line":169,"column":75},"skip":true},{"start":{"line":169,"column":79},"end":{"line":178,"column":9},"skip":true}]},"17":{"line":180,"type":"binary-expr","locations":[{"start":{"line":180,"column":41},"end":{"line":180,"column":71},"skip":true},{"start":{"line":180,"column":75},"end":{"line":189,"column":9},"skip":true}]}},"code":["/* istanbul instrument in package npmtest_ib */","/*jslint","    bitwise: true,","    browser: true,","    maxerr: 8,","    maxlen: 96,","    node: true,","    nomen: true,","    regexp: true,","    stupid: true","*/","(function () {","    'use strict';","    var local;","","","","    // run shared js-env code - pre-init","    (function () {","        // init local","        local = {};","        // init modeJs","        local.modeJs = (function () {","            try {","                return typeof navigator.userAgent === 'string' &&","                    typeof document.querySelector('body') === 'object' &&","                    typeof XMLHttpRequest.prototype.open === 'function' &&","                    'browser';","            } catch (errorCaughtBrowser) {","                return module.exports &&","                    typeof process.versions.node === 'string' &&","                    typeof require('http').createServer === 'function' &&","                    'node';","            }","        }());","        // init global","        local.global = local.modeJs === 'browser'","            ? window","            : global;","        switch (local.modeJs) {","        // re-init local from window.local","        case 'browser':","            local = local.global.utility2.objectSetDefault(","                local.global.utility2_rollup || local.global.local,","                local.global.utility2","            );","            break;","        // re-init local from example.js","        case 'node':","            local = (local.global.utility2_rollup || require('utility2'))","                .requireReadme();","            break;","        }","        // export local","        local.global.local = local;","    }());","","","","    // run shared js-env code - function","    (function () {","        return;","    }());","    switch (local.modeJs) {","","","","    // run browser js-env code - function","    case 'browser':","        break;","","","","    // run node js-env code - function","    case 'node':","        break;","    }","","","","    // run shared js-env code - post-init","    (function () {","        return;","    }());","    switch (local.modeJs) {","","","","    // run browser js-env code - post-init","    case 'browser':","        local.testCase_browser_nullCase = local.testCase_browser_nullCase || function (","            options,","            onError","        ) {","        /*","         * this function will test browsers's null-case handling-behavior-behavior","         */","            onError(null, options);","        };","","        // run tests","        local.nop(local.modeTest &&","            document.querySelector('#testRunButton1') &&","            document.querySelector('#testRunButton1').click());","        break;","","","","    // run node js-env code - post-init","    /* istanbul ignore next */","    case 'node':","        local.testCase_buildApidoc_default = local.testCase_buildApidoc_default || function (","            options,","            onError","        ) {","        /*","         * this function will test buildApidoc's default handling-behavior-behavior","         */","            options = { modulePathList: module.paths };","            local.buildApidoc(options, onError);","        };","","        local.testCase_buildApp_default = local.testCase_buildApp_default || function (","            options,","            onError","        ) {","        /*","         * this function will test buildApp's default handling-behavior-behavior","         */","            local.testCase_buildReadme_default(options, local.onErrorThrow);","            local.testCase_buildLib_default(options, local.onErrorThrow);","            local.testCase_buildTest_default(options, local.onErrorThrow);","            local.testCase_buildCustomOrg_default(options, local.onErrorThrow);","            options = [];","            local.buildApp(options, onError);","        };","","        local.testCase_buildCustomOrg_default = local.testCase_buildCustomOrg_default ||","            function (options, onError) {","            /*","             * this function will test buildCustomOrg's default handling-behavior","             */","                options = {};","                local.buildCustomOrg(options, onError);","            };","","        local.testCase_buildLib_default = local.testCase_buildLib_default || function (","            options,","            onError","        ) {","        /*","         * this function will test buildLib's default handling-behavior","         */","            options = {};","            local.buildLib(options, onError);","        };","","        local.testCase_buildReadme_default = local.testCase_buildReadme_default || function (","            options,","            onError","        ) {","        /*","         * this function will test buildReadme's default handling-behavior-behavior","         */","            options = {};","            local.buildReadme(options, onError);","        };","","        local.testCase_buildTest_default = local.testCase_buildTest_default || function (","            options,","            onError","        ) {","        /*","         * this function will test buildTest's default handling-behavior","         */","            options = {};","            local.buildTest(options, onError);","        };","","        local.testCase_webpage_default = local.testCase_webpage_default || function (","            options,","            onError","        ) {","        /*","         * this function will test webpage's default handling-behavior","         */","            options = { modeCoverageMerge: true, url: local.serverLocalHost + '?modeTest=1' };","            local.browserTest(options, onError);","        };","","        // run test-server","        local.testRunServer(local);","        break;","    }","}());",""],"l":{"12":2,"14":2,"19":2,"21":2,"23":2,"24":2,"25":2,"30":1,"37":2,"40":2,"43":1,"47":1,"50":1,"52":1,"55":2,"61":2,"62":2,"64":2,"70":1,"76":1,"82":2,"83":2,"85":2,"91":1,"98":1,"102":1,"105":1,"112":1,"119":1,"120":1,"123":1,"130":1,"131":1,"132":1,"133":1,"134":1,"135":1,"138":1,"143":2,"144":2,"147":1,"154":2,"155":2,"158":1,"165":2,"166":2,"169":1,"176":2,"177":2,"180":1,"187":1,"188":1,"192":1,"193":1}},"/home/travis/build/npmtest/node-npmtest-ib/lib.npmtest_ib.js":{"path":"/home/travis/build/npmtest/node-npmtest-ib/lib.npmtest_ib.js","s":{"1":2,"2":2,"3":2,"4":2,"5":2,"6":2,"7":2,"8":1,"9":2,"10":2,"11":2,"12":2,"13":1,"14":1,"15":1,"16":1},"b":{"1":[2,1,1,1],"2":[1,1,1,1],"3":[1,1],"4":[2,2],"5":[1,1]},"f":{"1":2,"2":2,"3":2},"fnMap":{"1":{"name":"(anonymous_1)","line":12,"loc":{"start":{"line":12,"column":1},"end":{"line":12,"column":13}}},"2":{"name":"(anonymous_2)","line":19,"loc":{"start":{"line":19,"column":5},"end":{"line":19,"column":17}}},"3":{"name":"(anonymous_3)","line":23,"loc":{"start":{"line":23,"column":24},"end":{"line":23,"column":36}}}},"statementMap":{"1":{"start":{"line":12,"column":0},"end":{"line":53,"column":5}},"2":{"start":{"line":14,"column":4},"end":{"line":14,"column":14}},"3":{"start":{"line":19,"column":4},"end":{"line":52,"column":9}},"4":{"start":{"line":21,"column":8},"end":{"line":21,"column":19}},"5":{"start":{"line":23,"column":8},"end":{"line":35,"column":13}},"6":{"start":{"line":24,"column":12},"end":{"line":34,"column":13}},"7":{"start":{"line":25,"column":16},"end":{"line":28,"column":30}},"8":{"start":{"line":30,"column":16},"end":{"line":33,"column":27}},"9":{"start":{"line":37,"column":8},"end":{"line":39,"column":21}},"10":{"start":{"line":41,"column":8},"end":{"line":41,"column":54}},"11":{"start":{"line":43,"column":8},"end":{"line":43,"column":47}},"12":{"start":{"line":45,"column":8},"end":{"line":51,"column":9}},"13":{"start":{"line":46,"column":12},"end":{"line":46,"column":53}},"14":{"start":{"line":48,"column":12},"end":{"line":48,"column":35}},"15":{"start":{"line":49,"column":12},"end":{"line":49,"column":49}},"16":{"start":{"line":50,"column":12},"end":{"line":50,"column":43}}},"branchMap":{"1":{"line":25,"type":"binary-expr","locations":[{"start":{"line":25,"column":23},"end":{"line":25,"column":62}},{"start":{"line":26,"column":20},"end":{"line":26,"column":70}},{"start":{"line":27,"column":20},"end":{"line":27,"column":71}},{"start":{"line":28,"column":20},"end":{"line":28,"column":29}}]},"2":{"line":30,"type":"binary-expr","locations":[{"start":{"line":30,"column":23},"end":{"line":30,"column":37}},{"start":{"line":31,"column":20},"end":{"line":31,"column":61}},{"start":{"line":32,"column":20},"end":{"line":32,"column":70}},{"start":{"line":33,"column":20},"end":{"line":33,"column":26}}]},"3":{"line":37,"type":"cond-expr","locations":[{"start":{"line":38,"column":14},"end":{"line":38,"column":20}},{"start":{"line":39,"column":14},"end":{"line":39,"column":20}}]},"4":{"line":41,"type":"binary-expr","locations":[{"start":{"line":41,"column":16},"end":{"line":41,"column":44}},{"start":{"line":41,"column":48},"end":{"line":41,"column":53}}]},"5":{"line":45,"type":"if","locations":[{"start":{"line":45,"column":8},"end":{"line":45,"column":8}},{"start":{"line":45,"column":8},"end":{"line":45,"column":8}}]}},"code":["/* istanbul instrument in package npmtest_ib */","/*jslint","    bitwise: true,","    browser: true,","    maxerr: 8,","    maxlen: 96,","    node: true,","    nomen: true,","    regexp: true,","    stupid: true","*/","(function () {","    'use strict';","    var local;","","","","    // run shared js-env code - pre-init","    (function () {","        // init local","        local = {};","        // init modeJs","        local.modeJs = (function () {","            try {","                return typeof navigator.userAgent === 'string' &&","                    typeof document.querySelector('body') === 'object' &&","                    typeof XMLHttpRequest.prototype.open === 'function' &&","                    'browser';","            } catch (errorCaughtBrowser) {","                return module.exports &&","                    typeof process.versions.node === 'string' &&","                    typeof require('http').createServer === 'function' &&","                    'node';","            }","        }());","        // init global","        local.global = local.modeJs === 'browser'","            ? window","            : global;","        // init utility2_rollup","        local = local.global.utility2_rollup || local;","        // init lib","        local.local = local.npmtest_ib = local;","        // init exports","        if (local.modeJs === 'browser') {","            local.global.utility2_npmtest_ib = local;","        } else {","            module.exports = local;","            module.exports.__dirname = __dirname;","            module.exports.module = module;","        }","    }());","}());",""],"l":{"12":2,"14":2,"19":2,"21":2,"23":2,"24":2,"25":2,"30":1,"37":2,"41":2,"43":2,"45":2,"46":1,"48":1,"49":1,"50":1}},"/home/travis/build/npmtest/node-npmtest-ib/example.js":{"path":"/home/travis/build/npmtest/node-npmtest-ib/example.js","s":{"1":2,"2":2,"3":2,"4":2,"5":2,"6":2,"7":2,"8":1,"9":2,"10":2,"11":2,"12":2,"13":1,"14":2,"15":2,"16":2,"17":2,"18":2,"19":0,"20":2,"21":1,"22":1,"23":1,"24":1,"25":1,"26":0,"27":0,"28":1,"29":1,"30":2,"31":0,"32":0,"33":0,"34":1,"35":2,"36":2,"37":3,"38":3,"39":3,"40":3,"41":0,"42":3,"43":3,"44":3,"45":1,"46":3,"47":1,"48":1,"49":1,"50":1,"51":1,"52":1,"53":1,"54":1,"55":1,"56":1,"57":0,"58":1,"59":6,"60":6,"61":1,"62":2,"63":0,"64":2,"65":1,"66":1,"67":0,"68":0,"69":0,"70":0,"71":0,"72":0,"73":0,"74":0,"75":0,"76":0,"77":0,"78":0,"79":0,"80":0,"81":0,"82":0,"83":0},"b":{"1":[2,1,1,1],"2":[1,1,1,1],"3":[1,1],"4":[2,2],"5":[1,1],"6":[1,1],"7":[2,0],"8":[2,1,1,1,1,1],"9":[0,2,0],"10":[1,1],"11":[2,1,1],"12":[1,0],"13":[0,2],"14":[2,0,0,0,0,0,0],"15":[0,3],"16":[3,0],"17":[1,1],"18":[0,1],"19":[1,2,0,2],"20":[1,0],"21":[1,1],"22":[0,0],"23":[0,0],"24":[0,0],"25":[0,0],"26":[0,0],"27":[0,0],"28":[0,0]},"f":{"1":2,"2":2,"3":2,"4":2,"5":2,"6":2,"7":3,"8":3,"9":3,"10":1,"11":6,"12":0},"fnMap":{"1":{"name":"(anonymous_1)","line":26,"loc":{"start":{"line":26,"column":1},"end":{"line":26,"column":13}}},"2":{"name":"(anonymous_2)","line":33,"loc":{"start":{"line":33,"column":5},"end":{"line":33,"column":17}}},"3":{"name":"(anonymous_3)","line":37,"loc":{"start":{"line":37,"column":24},"end":{"line":37,"column":36}}},"4":{"name":"(anonymous_4)","line":69,"loc":{"start":{"line":69,"column":31},"end":{"line":69,"column":48}},"skip":true},"5":{"name":"(anonymous_5)","line":78,"loc":{"start":{"line":78,"column":26},"end":{"line":78,"column":45}},"skip":true},"6":{"name":"(anonymous_6)","line":123,"loc":{"start":{"line":123,"column":33},"end":{"line":123,"column":48}},"skip":true},"7":{"name":"(anonymous_7)","line":125,"loc":{"start":{"line":125,"column":27},"end":{"line":125,"column":39}},"skip":true},"8":{"name":"(anonymous_8)","line":133,"loc":{"start":{"line":133,"column":59},"end":{"line":133,"column":74}},"skip":true},"9":{"name":"(anonymous_9)","line":143,"loc":{"start":{"line":143,"column":45},"end":{"line":143,"column":62}},"skip":true},"10":{"name":"(anonymous_10)","line":144,"loc":{"start":{"line":144,"column":73},"end":{"line":144,"column":92}},"skip":true},"11":{"name":"(anonymous_11)","line":272,"loc":{"start":{"line":272,"column":51},"end":{"line":272,"column":77}},"skip":true},"12":{"name":"(anonymous_12)","line":315,"loc":{"start":{"line":315,"column":32},"end":{"line":315,"column":61}},"skip":true}},"statementMap":{"1":{"start":{"line":26,"column":0},"end":{"line":326,"column":5}},"2":{"start":{"line":28,"column":4},"end":{"line":28,"column":14}},"3":{"start":{"line":33,"column":4},"end":{"line":60,"column":9}},"4":{"start":{"line":35,"column":8},"end":{"line":35,"column":19}},"5":{"start":{"line":37,"column":8},"end":{"line":49,"column":13}},"6":{"start":{"line":38,"column":12},"end":{"line":48,"column":13}},"7":{"start":{"line":39,"column":16},"end":{"line":42,"column":30}},"8":{"start":{"line":44,"column":16},"end":{"line":47,"column":27}},"9":{"start":{"line":51,"column":8},"end":{"line":53,"column":21}},"10":{"start":{"line":55,"column":8},"end":{"line":57,"column":45}},"11":{"start":{"line":59,"column":8},"end":{"line":59,"column":35}},"12":{"start":{"line":61,"column":4},"end":{"line":325,"column":5}},"13":{"start":{"line":69,"column":8},"end":{"line":121,"column":10},"skip":true},"14":{"start":{"line":70,"column":12},"end":{"line":88,"column":13},"skip":true},"15":{"start":{"line":76,"column":16},"end":{"line":87,"column":19},"skip":true},"16":{"start":{"line":79,"column":20},"end":{"line":86,"column":21},"skip":true},"17":{"start":{"line":82,"column":24},"end":{"line":82,"column":43},"skip":true},"18":{"start":{"line":83,"column":24},"end":{"line":83,"column":30},"skip":true},"19":{"start":{"line":85,"column":24},"end":{"line":85,"column":49},"skip":true},"20":{"start":{"line":89,"column":12},"end":{"line":107,"column":13},"skip":true},"21":{"start":{"line":92,"column":16},"end":{"line":102,"column":17},"skip":true},"22":{"start":{"line":93,"column":20},"end":{"line":93,"column":86},"skip":true},"23":{"start":{"line":94,"column":20},"end":{"line":95,"column":45},"skip":true},"24":{"start":{"line":96,"column":20},"end":{"line":96,"column":42},"skip":true},"25":{"start":{"line":97,"column":20},"end":{"line":97,"column":48},"skip":true},"26":{"start":{"line":100,"column":20},"end":{"line":100,"column":85},"skip":true},"27":{"start":{"line":101,"column":20},"end":{"line":101,"column":96},"skip":true},"28":{"start":{"line":103,"column":16},"end":{"line":103,"column":22},"skip":true},"29":{"start":{"line":106,"column":16},"end":{"line":106,"column":22},"skip":true},"30":{"start":{"line":108,"column":12},"end":{"line":120,"column":13},"skip":true},"31":{"start":{"line":114,"column":16},"end":{"line":119,"column":17},"skip":true},"32":{"start":{"line":116,"column":20},"end":{"line":116,"column":78},"skip":true},"33":{"start":{"line":118,"column":20},"end":{"line":118,"column":47},"skip":true},"34":{"start":{"line":123,"column":8},"end":{"line":141,"column":11},"skip":true},"35":{"start":{"line":124,"column":12},"end":{"line":124,"column":54},"skip":true},"36":{"start":{"line":125,"column":12},"end":{"line":140,"column":14},"skip":true},"37":{"start":{"line":126,"column":16},"end":{"line":126,"column":28},"skip":true},"38":{"start":{"line":127,"column":16},"end":{"line":127,"column":69},"skip":true},"39":{"start":{"line":128,"column":16},"end":{"line":128,"column":75},"skip":true},"40":{"start":{"line":129,"column":16},"end":{"line":131,"column":17},"skip":true},"41":{"start":{"line":130,"column":20},"end":{"line":130,"column":27},"skip":true},"42":{"start":{"line":133,"column":16},"end":{"line":137,"column":36},"skip":true},"43":{"start":{"line":134,"column":20},"end":{"line":136,"column":55},"skip":true},"44":{"start":{"line":139,"column":16},"end":{"line":139,"column":57},"skip":true},"45":{"start":{"line":143,"column":8},"end":{"line":147,"column":11},"skip":true},"46":{"start":{"line":144,"column":12},"end":{"line":146,"column":15},"skip":true},"47":{"start":{"line":145,"column":16},"end":{"line":145,"column":70},"skip":true},"48":{"start":{"line":149,"column":8},"end":{"line":149,"column":31},"skip":true},"49":{"start":{"line":150,"column":8},"end":{"line":150,"column":14},"skip":true},"50":{"start":{"line":158,"column":8},"end":{"line":158,"column":31},"skip":true},"51":{"start":{"line":160,"column":8},"end":{"line":160,"column":33},"skip":true},"52":{"start":{"line":161,"column":8},"end":{"line":161,"column":37},"skip":true},"53":{"start":{"line":162,"column":8},"end":{"line":162,"column":35},"skip":true},"54":{"start":{"line":164,"column":8},"end":{"line":164,"column":50},"skip":true},"55":{"start":{"line":166,"column":8},"end":{"line":256,"column":2},"skip":true},"56":{"start":{"line":258,"column":8},"end":{"line":286,"column":9},"skip":true},"57":{"start":{"line":259,"column":12},"end":{"line":269,"column":14},"skip":true},"58":{"start":{"line":271,"column":12},"end":{"line":285,"column":19},"skip":true},"59":{"start":{"line":274,"column":20},"end":{"line":274,"column":35},"skip":true},"60":{"start":{"line":275,"column":20},"end":{"line":284,"column":21},"skip":true},"61":{"start":{"line":277,"column":24},"end":{"line":277,"column":64},"skip":true},"62":{"start":{"line":279,"column":24},"end":{"line":279,"column":40},"skip":true},"63":{"start":{"line":281,"column":24},"end":{"line":281,"column":40},"skip":true},"64":{"start":{"line":283,"column":24},"end":{"line":283,"column":39},"skip":true},"65":{"start":{"line":288,"column":8},"end":{"line":290,"column":9},"skip":true},"66":{"start":{"line":289,"column":12},"end":{"line":289,"column":18},"skip":true},"67":{"start":{"line":291,"column":8},"end":{"line":293,"column":54},"skip":true},"68":{"start":{"line":296,"column":8},"end":{"line":301,"column":37},"skip":true},"69":{"start":{"line":303,"column":8},"end":{"line":303,"column":82},"skip":true},"70":{"start":{"line":306,"column":8},"end":{"line":308,"column":9},"skip":true},"71":{"start":{"line":307,"column":12},"end":{"line":307,"column":82},"skip":true},"72":{"start":{"line":310,"column":8},"end":{"line":312,"column":9},"skip":true},"73":{"start":{"line":311,"column":12},"end":{"line":311,"column":18},"skip":true},"74":{"start":{"line":313,"column":8},"end":{"line":313,"column":54},"skip":true},"75":{"start":{"line":314,"column":8},"end":{"line":314,"column":69},"skip":true},"76":{"start":{"line":315,"column":8},"end":{"line":323,"column":36},"skip":true},"77":{"start":{"line":316,"column":12},"end":{"line":316,"column":61},"skip":true},"78":{"start":{"line":317,"column":12},"end":{"line":320,"column":13},"skip":true},"79":{"start":{"line":318,"column":16},"end":{"line":318,"column":75},"skip":true},"80":{"start":{"line":319,"column":16},"end":{"line":319,"column":23},"skip":true},"81":{"start":{"line":321,"column":12},"end":{"line":321,"column":38},"skip":true},"82":{"start":{"line":322,"column":12},"end":{"line":322,"column":27},"skip":true},"83":{"start":{"line":324,"column":8},"end":{"line":324,"column":14},"skip":true}},"branchMap":{"1":{"line":39,"type":"binary-expr","locations":[{"start":{"line":39,"column":23},"end":{"line":39,"column":62}},{"start":{"line":40,"column":20},"end":{"line":40,"column":70}},{"start":{"line":41,"column":20},"end":{"line":41,"column":71}},{"start":{"line":42,"column":20},"end":{"line":42,"column":29}}]},"2":{"line":44,"type":"binary-expr","locations":[{"start":{"line":44,"column":23},"end":{"line":44,"column":37}},{"start":{"line":45,"column":20},"end":{"line":45,"column":61}},{"start":{"line":46,"column":20},"end":{"line":46,"column":70}},{"start":{"line":47,"column":20},"end":{"line":47,"column":26}}]},"3":{"line":51,"type":"cond-expr","locations":[{"start":{"line":52,"column":14},"end":{"line":52,"column":20}},{"start":{"line":53,"column":14},"end":{"line":53,"column":20}}]},"4":{"line":55,"type":"binary-expr","locations":[{"start":{"line":55,"column":16},"end":{"line":55,"column":44}},{"start":{"line":55,"column":49},"end":{"line":57,"column":43}}]},"5":{"line":55,"type":"cond-expr","locations":[{"start":{"line":56,"column":14},"end":{"line":56,"column":46}},{"start":{"line":57,"column":14},"end":{"line":57,"column":43}}]},"6":{"line":61,"type":"switch","locations":[{"start":{"line":68,"column":4},"end":{"line":150,"column":14},"skip":true},{"start":{"line":156,"column":4},"end":{"line":324,"column":14},"skip":true}]},"7":{"line":70,"type":"if","locations":[{"start":{"line":70,"column":12},"end":{"line":70,"column":12},"skip":true},{"start":{"line":70,"column":12},"end":{"line":70,"column":12},"skip":true}]},"8":{"line":70,"type":"binary-expr","locations":[{"start":{"line":70,"column":16},"end":{"line":70,"column":22},"skip":true},{"start":{"line":70,"column":27},"end":{"line":70,"column":32},"skip":true},{"start":{"line":71,"column":20},"end":{"line":71,"column":39},"skip":true},{"start":{"line":72,"column":20},"end":{"line":72,"column":49},"skip":true},{"start":{"line":73,"column":20},"end":{"line":73,"column":58},"skip":true},{"start":{"line":74,"column":20},"end":{"line":74,"column":69},"skip":true}]},"9":{"line":79,"type":"switch","locations":[{"start":{"line":80,"column":20},"end":{"line":80,"column":33},"skip":true},{"start":{"line":81,"column":20},"end":{"line":83,"column":30},"skip":true},{"start":{"line":84,"column":20},"end":{"line":85,"column":49},"skip":true}]},"10":{"line":89,"type":"switch","locations":[{"start":{"line":90,"column":12},"end":{"line":103,"column":22},"skip":true},{"start":{"line":105,"column":12},"end":{"line":106,"column":22},"skip":true}]},"11":{"line":89,"type":"binary-expr","locations":[{"start":{"line":89,"column":20},"end":{"line":89,"column":25},"skip":true},{"start":{"line":89,"column":29},"end":{"line":89,"column":48},"skip":true},{"start":{"line":89,"column":52},"end":{"line":89,"column":74},"skip":true}]},"12":{"line":92,"type":"if","locations":[{"start":{"line":92,"column":16},"end":{"line":92,"column":16},"skip":true},{"start":{"line":92,"column":16},"end":{"line":92,"column":16},"skip":true}]},"13":{"line":108,"type":"if","locations":[{"start":{"line":108,"column":12},"end":{"line":108,"column":12},"skip":true},{"start":{"line":108,"column":12},"end":{"line":108,"column":12},"skip":true}]},"14":{"line":108,"type":"binary-expr","locations":[{"start":{"line":108,"column":16},"end":{"line":108,"column":61},"skip":true},{"start":{"line":108,"column":66},"end":{"line":108,"column":72},"skip":true},{"start":{"line":108,"column":77},"end":{"line":108,"column":82},"skip":true},{"start":{"line":109,"column":20},"end":{"line":109,"column":39},"skip":true},{"start":{"line":110,"column":20},"end":{"line":110,"column":49},"skip":true},{"start":{"line":111,"column":20},"end":{"line":111,"column":58},"skip":true},{"start":{"line":112,"column":20},"end":{"line":112,"column":68},"skip":true}]},"15":{"line":129,"type":"if","locations":[{"start":{"line":129,"column":16},"end":{"line":129,"column":16},"skip":true},{"start":{"line":129,"column":16},"end":{"line":129,"column":16},"skip":true}]},"16":{"line":134,"type":"cond-expr","locations":[{"start":{"line":135,"column":26},"end":{"line":135,"column":29},"skip":true},{"start":{"line":136,"column":26},"end":{"line":136,"column":54},"skip":true}]},"17":{"line":164,"type":"binary-expr","locations":[{"start":{"line":164,"column":27},"end":{"line":164,"column":43},"skip":true},{"start":{"line":164,"column":47},"end":{"line":164,"column":49},"skip":true}]},"18":{"line":258,"type":"if","locations":[{"start":{"line":258,"column":8},"end":{"line":258,"column":8},"skip":true},{"start":{"line":258,"column":8},"end":{"line":258,"column":8},"skip":true}]},"19":{"line":275,"type":"switch","locations":[{"start":{"line":276,"column":20},"end":{"line":277,"column":64},"skip":true},{"start":{"line":278,"column":20},"end":{"line":279,"column":40},"skip":true},{"start":{"line":280,"column":20},"end":{"line":281,"column":40},"skip":true},{"start":{"line":282,"column":20},"end":{"line":283,"column":39},"skip":true}]},"20":{"line":288,"type":"if","locations":[{"start":{"line":288,"column":8},"end":{"line":288,"column":8},"skip":true},{"start":{"line":288,"column":8},"end":{"line":288,"column":8},"skip":true}]},"21":{"line":288,"type":"binary-expr","locations":[{"start":{"line":288,"column":12},"end":{"line":288,"column":40},"skip":true},{"start":{"line":288,"column":44},"end":{"line":288,"column":67},"skip":true}]},"22":{"line":292,"type":"binary-expr","locations":[{"start":{"line":292,"column":12},"end":{"line":292,"column":50},"skip":true},{"start":{"line":293,"column":12},"end":{"line":293,"column":53},"skip":true}]},"23":{"line":297,"type":"binary-expr","locations":[{"start":{"line":297,"column":12},"end":{"line":297,"column":60},"skip":true},{"start":{"line":298,"column":12},"end":{"line":301,"column":36},"skip":true}]},"24":{"line":303,"type":"binary-expr","locations":[{"start":{"line":303,"column":43},"end":{"line":303,"column":75},"skip":true},{"start":{"line":303,"column":79},"end":{"line":303,"column":81},"skip":true}]},"25":{"line":306,"type":"if","locations":[{"start":{"line":306,"column":8},"end":{"line":306,"column":8},"skip":true},{"start":{"line":306,"column":8},"end":{"line":306,"column":8},"skip":true}]},"26":{"line":310,"type":"if","locations":[{"start":{"line":310,"column":8},"end":{"line":310,"column":8},"skip":true},{"start":{"line":310,"column":8},"end":{"line":310,"column":8},"skip":true}]},"27":{"line":313,"type":"binary-expr","locations":[{"start":{"line":313,"column":27},"end":{"line":313,"column":43},"skip":true},{"start":{"line":313,"column":47},"end":{"line":313,"column":53},"skip":true}]},"28":{"line":317,"type":"if","locations":[{"start":{"line":317,"column":12},"end":{"line":317,"column":12},"skip":true},{"start":{"line":317,"column":12},"end":{"line":317,"column":12},"skip":true}]}},"code":["/*","example.js","","quickstart example","","instruction","    1. save this script as example.js","    2. run the shell command:","        $ npm install npmtest-ib && PORT=8081 node example.js","    3. play with the browser-demo on http://127.0.0.1:8081","*/","","","","/* istanbul instrument in package npmtest_ib */","/*jslint","    bitwise: true,","    browser: true,","    maxerr: 8,","    maxlen: 96,","    node: true,","    nomen: true,","    regexp: true,","    stupid: true","*/","(function () {","    'use strict';","    var local;","","","","    // run shared js-env code - pre-init","    (function () {","        // init local","        local = {};","        // init modeJs","        local.modeJs = (function () {","            try {","                return typeof navigator.userAgent === 'string' &&","                    typeof document.querySelector('body') === 'object' &&","                    typeof XMLHttpRequest.prototype.open === 'function' &&","                    'browser';","            } catch (errorCaughtBrowser) {","                return module.exports &&","                    typeof process.versions.node === 'string' &&","                    typeof require('http').createServer === 'function' &&","                    'node';","            }","        }());","        // init global","        local.global = local.modeJs === 'browser'","            ? window","            : global;","        // init utility2_rollup","        local = local.global.utility2_rollup || (local.modeJs === 'browser'","            ? local.global.utility2_npmtest_ib","            : global.utility2_moduleExports);","        // export local","        local.global.local = local;","    }());","    switch (local.modeJs) {","","","","    // post-init","    // run browser js-env code - post-init","    /* istanbul ignore next */","    case 'browser':","        local.testRunBrowser = function (event) {","            if (!event || (event &&","                    event.currentTarget &&","                    event.currentTarget.className &&","                    event.currentTarget.className.includes &&","                    event.currentTarget.className.includes('onreset'))) {","                // reset output","                Array.from(","                    document.querySelectorAll('body > .resettable')","                ).forEach(function (element) {","                    switch (element.tagName) {","                    case 'INPUT':","                    case 'TEXTAREA':","                        element.value = '';","                        break;","                    default:","                        element.textContent = '';","                    }","                });","            }","            switch (event && event.currentTarget && event.currentTarget.id) {","            case 'testRunButton1':","                // show tests","                if (document.querySelector('#testReportDiv1').style.display === 'none') {","                    document.querySelector('#testReportDiv1').style.display = 'block';","                    document.querySelector('#testRunButton1').textContent =","                        'hide internal test';","                    local.modeTest = true;","                    local.testRunDefault(local);","                // hide tests","                } else {","                    document.querySelector('#testReportDiv1').style.display = 'none';","                    document.querySelector('#testRunButton1').textContent = 'run internal test';","                }","                break;","            // custom-case","            default:","                break;","            }","            if (document.querySelector('#inputTextareaEval1') && (!event || (event &&","                    event.currentTarget &&","                    event.currentTarget.className &&","                    event.currentTarget.className.includes &&","                    event.currentTarget.className.includes('oneval')))) {","                // try to eval input-code","                try {","                    /*jslint evil: true*/","                    eval(document.querySelector('#inputTextareaEval1').value);","                } catch (errorCaught) {","                    console.error(errorCaught);","                }","            }","        };","        // log stderr and stdout to #outputTextareaStdout1","        ['error', 'log'].forEach(function (key) {","            console[key + '_original'] = console[key];","            console[key] = function () {","                var element;","                console[key + '_original'].apply(console, arguments);","                element = document.querySelector('#outputTextareaStdout1');","                if (!element) {","                    return;","                }","                // append text to #outputTextareaStdout1","                element.value += Array.from(arguments).map(function (arg) {","                    return typeof arg === 'string'","                        ? arg","                        : JSON.stringify(arg, null, 4);","                }).join(' ') + '\\n';","                // scroll textarea to bottom","                element.scrollTop = element.scrollHeight;","            };","        });","        // init event-handling","        ['change', 'click', 'keyup'].forEach(function (event) {","            Array.from(document.querySelectorAll('.on' + event)).forEach(function (element) {","                element.addEventListener(event, local.testRunBrowser);","            });","        });","        // run tests","        local.testRunBrowser();","        break;","","","","    // run node js-env code - post-init","    /* istanbul ignore next */","    case 'node':","        // export local","        module.exports = local;","        // require modules","        local.fs = require('fs');","        local.http = require('http');","        local.url = require('url');","        // init assets","        local.assetsDict = local.assetsDict || {};","        /* jslint-ignore-begin */","        local.assetsDict['/assets.index.template.html'] = '\\","<!doctype html>\\n\\","<html lang=\"en\">\\n\\","<head>\\n\\","<meta charset=\"UTF-8\">\\n\\","<meta name=\"viewport\" content=\"width=device-width, initial-scale=1\">\\n\\","<title>{{env.npm_package_name}} (v{{env.npm_package_version}})</title>\\n\\","<style>\\n\\","/*csslint\\n\\","    box-sizing: false,\\n\\","    universal-selector: false\\n\\","*/\\n\\","* {\\n\\","    box-sizing: border-box;\\n\\","}\\n\\","body {\\n\\","    background: #dde;\\n\\","    font-family: Arial, Helvetica, sans-serif;\\n\\","    margin: 2rem;\\n\\","}\\n\\","body > * {\\n\\","    margin-bottom: 1rem;\\n\\","}\\n\\",".utility2FooterDiv {\\n\\","    margin-top: 20px;\\n\\","    text-align: center;\\n\\","}\\n\\","</style>\\n\\","<style>\\n\\","/*csslint\\n\\","*/\\n\\","textarea {\\n\\","    font-family: monospace;\\n\\","    height: 10rem;\\n\\","    width: 100%;\\n\\","}\\n\\","textarea[readonly] {\\n\\","    background: #ddd;\\n\\","}\\n\\","</style>\\n\\","</head>\\n\\","<body>\\n\\","<!-- utility2-comment\\n\\","<div id=\"ajaxProgressDiv1\" style=\"background: #d00; height: 2px; left: 0; margin: 0; padding: 0; position: fixed; top: 0; transition: background 0.5s, width 1.5s; width: 25%;\"></div>\\n\\","utility2-comment -->\\n\\","<h1>\\n\\","<!-- utility2-comment\\n\\","    <a\\n\\","        {{#if env.npm_package_homepage}}\\n\\","        href=\"{{env.npm_package_homepage}}\"\\n\\","        {{/if env.npm_package_homepage}}\\n\\","        target=\"_blank\"\\n\\","    >\\n\\","utility2-comment -->\\n\\","        {{env.npm_package_name}} (v{{env.npm_package_version}})\\n\\","<!-- utility2-comment\\n\\","    </a>\\n\\","utility2-comment -->\\n\\","</h1>\\n\\","<h3>{{env.npm_package_description}}</h3>\\n\\","<!-- utility2-comment\\n\\","<h4><a download href=\"assets.app.js\">download standalone app</a></h4>\\n\\","<button class=\"onclick onreset\" id=\"testRunButton1\">run internal test</button><br>\\n\\","<div id=\"testReportDiv1\" style=\"display: none;\"></div>\\n\\","utility2-comment -->\\n\\","\\n\\","\\n\\","\\n\\","<label>stderr and stdout</label>\\n\\","<textarea class=\"resettable\" id=\"outputTextareaStdout1\" readonly></textarea>\\n\\","<!-- utility2-comment\\n\\","{{#if isRollup}}\\n\\","<script src=\"assets.app.js\"></script>\\n\\","{{#unless isRollup}}\\n\\","utility2-comment -->\\n\\","<script src=\"assets.utility2.rollup.js\"></script>\\n\\","<script src=\"jsonp.utility2._stateInit?callback=window.utility2._stateInit\"></script>\\n\\","<script src=\"assets.npmtest_ib.rollup.js\"></script>\\n\\","<script src=\"assets.example.js\"></script>\\n\\","<script src=\"assets.test.js\"></script>\\n\\","<!-- utility2-comment\\n\\","{{/if isRollup}}\\n\\","utility2-comment -->\\n\\","<div class=\"utility2FooterDiv\">\\n\\","    [ this app was created with\\n\\","    <a href=\"https://github.com/kaizhu256/node-utility2\" target=\"_blank\">utility2</a>\\n\\","    ]\\n\\","</div>\\n\\","</body>\\n\\","</html>\\n\\","';","        /* jslint-ignore-end */","        if (local.templateRender) {","            local.assetsDict['/'] = local.templateRender(","                local.assetsDict['/assets.index.template.html'],","                {","                    env: local.objectSetDefault(local.env, {","                        npm_package_description: 'the greatest app in the world!',","                        npm_package_name: 'my-app',","                        npm_package_nameAlias: 'my_app',","                        npm_package_version: '0.0.1'","                    })","                }","            );","        } else {","            local.assetsDict['/'] = local.assetsDict['/assets.index.template.html']","                .replace((/\\{\\{env\\.(\\w+?)\\}\\}/g), function (match0, match1) {","                    // jslint-hack","                    String(match0);","                    switch (match1) {","                    case 'npm_package_description':","                        return 'the greatest app in the world!';","                    case 'npm_package_name':","                        return 'my-app';","                    case 'npm_package_nameAlias':","                        return 'my_app';","                    case 'npm_package_version':","                        return '0.0.1';","                    }","                });","        }","        // run the cli","        if (local.global.utility2_rollup || module !== require.main) {","            break;","        }","        local.assetsDict['/assets.example.js'] =","            local.assetsDict['/assets.example.js'] ||","            local.fs.readFileSync(__filename, 'utf8');","        // bug-workaround - long $npm_package_buildCustomOrg","        /* jslint-ignore-begin */","        local.assetsDict['/assets.npmtest_ib.rollup.js'] =","            local.assetsDict['/assets.npmtest_ib.rollup.js'] ||","            local.fs.readFileSync(","                local.npmtest_ib.__dirname + '/lib.npmtest_ib.js',","                'utf8'","            ).replace((/^#!/), '//');","        /* jslint-ignore-end */","        local.assetsDict['/favicon.ico'] = local.assetsDict['/favicon.ico'] || '';","        // if $npm_config_timeout_exit exists,","        // then exit this process after $npm_config_timeout_exit ms","        if (Number(process.env.npm_config_timeout_exit)) {","            setTimeout(process.exit, Number(process.env.npm_config_timeout_exit));","        }","        // start server","        if (local.global.utility2_serverHttp1) {","            break;","        }","        process.env.PORT = process.env.PORT || '8081';","        console.error('server starting on port ' + process.env.PORT);","        local.http.createServer(function (request, response) {","            request.urlParsed = local.url.parse(request.url);","            if (local.assetsDict[request.urlParsed.pathname] !== undefined) {","                response.end(local.assetsDict[request.urlParsed.pathname]);","                return;","            }","            response.statusCode = 404;","            response.end();","        }).listen(process.env.PORT);","        break;","    }","}());",""],"l":{"26":2,"28":2,"33":2,"35":2,"37":2,"38":2,"39":2,"44":1,"51":2,"55":2,"59":2,"61":2,"69":1,"70":2,"76":2,"79":2,"82":2,"83":2,"85":1,"89":2,"92":1,"93":1,"94":1,"96":1,"97":1,"100":1,"101":1,"103":1,"106":1,"108":2,"114":1,"116":1,"118":1,"123":1,"124":2,"125":2,"126":3,"127":3,"128":3,"129":3,"130":1,"133":3,"134":3,"139":3,"143":1,"144":3,"145":1,"149":1,"150":1,"158":1,"160":1,"161":1,"162":1,"164":1,"166":1,"258":1,"259":1,"271":1,"274":6,"275":6,"277":1,"279":2,"281":1,"283":2,"288":1,"289":1,"291":1,"296":1,"303":1,"306":1,"307":1,"310":1,"311":1,"313":1,"314":1,"315":1,"316":1,"317":1,"318":1,"319":1,"321":1,"322":1,"324":1}},"/home/travis/build/npmtest/node-npmtest-ib/node_modules/ib/lib/index.js":{"path":"/home/travis/build/npmtest/node-npmtest-ib/node_modules/ib/lib/index.js","s":{"1":1,"2":1,"3":1,"4":1,"5":1,"6":1,"7":1,"8":0,"9":0,"10":1,"11":1,"12":0,"13":0,"14":1,"15":0,"16":0,"17":1,"18":0,"19":0,"20":1,"21":0,"22":0,"23":1,"24":0,"25":0,"26":1,"27":0,"28":0,"29":0,"30":1,"31":0,"32":0,"33":0,"34":1,"35":0,"36":0,"37":0,"38":1,"39":0,"40":0,"41":0,"42":1,"43":0,"44":0,"45":0,"46":1,"47":0,"48":0,"49":0,"50":1,"51":0,"52":0,"53":0,"54":1,"55":0,"56":0,"57":1,"58":0,"59":0,"60":0,"61":1,"62":0,"63":0,"64":1,"65":0,"66":0,"67":0,"68":1,"69":0,"70":0,"71":0,"72":1,"73":0,"74":0,"75":0,"76":0,"77":0,"78":0,"79":0,"80":0,"81":1,"82":0,"83":0,"84":0,"85":0,"86":0,"87":1,"88":0,"89":0,"90":0,"91":0,"92":1,"93":0,"94":0,"95":0,"96":0,"97":0,"98":0,"99":0,"100":1,"101":0,"102":0,"103":0,"104":0,"105":1,"106":0,"107":0,"108":1,"109":0,"110":0,"111":0,"112":1,"113":0,"114":0,"115":0,"116":0,"117":1,"118":0,"119":0,"120":1,"121":0,"122":0,"123":0,"124":0,"125":1,"126":0,"127":0,"128":0,"129":0,"130":0,"131":1,"132":0,"133":0,"134":1,"135":0,"136":0,"137":0,"138":0,"139":0,"140":0,"141":0,"142":0,"143":0,"144":0,"145":1,"146":0,"147":0,"148":0,"149":1,"150":0,"151":0,"152":1,"153":0,"154":0,"155":0,"156":1,"157":0,"158":0,"159":0,"160":0,"161":0,"162":0,"163":1,"164":0,"165":0,"166":0,"167":0,"168":0,"169":1,"170":0,"171":0,"172":0,"173":1,"174":0,"175":0,"176":1,"177":0,"178":0,"179":1,"180":0,"181":0,"182":0,"183":0,"184":0,"185":0,"186":0,"187":1,"188":0,"189":0,"190":1,"191":0,"192":0,"193":0,"194":0,"195":1,"196":0,"197":0,"198":0,"199":1,"200":0,"201":0,"202":0,"203":1,"204":15,"205":0,"206":15,"207":0,"208":1,"209":1,"210":1,"211":1},"b":{"1":[0,0],"2":[0,0]},"f":{"1":0,"2":0,"3":0,"4":0,"5":0,"6":0,"7":0,"8":0,"9":0,"10":0,"11":0,"12":0,"13":0,"14":0,"15":0,"16":0,"17":0,"18":0,"19":0,"20":0,"21":0,"22":0,"23":0,"24":0,"25":0,"26":0,"27":0,"28":0,"29":0,"30":0,"31":0,"32":0,"33":0,"34":0,"35":0,"36":0,"37":0,"38":0,"39":0,"40":0,"41":0,"42":0,"43":0,"44":0,"45":0,"46":15,"47":0,"48":0},"fnMap":{"1":{"name":"IB","line":10,"loc":{"start":{"line":10,"column":0},"end":{"line":10,"column":21}}},"2":{"name":"(anonymous_2)","line":13,"loc":{"start":{"line":13,"column":19},"end":{"line":13,"column":31}}},"3":{"name":"(anonymous_3)","line":18,"loc":{"start":{"line":18,"column":21},"end":{"line":18,"column":33}}},"4":{"name":"(anonymous_4)","line":26,"loc":{"start":{"line":26,"column":23},"end":{"line":26,"column":35}}},"5":{"name":"(anonymous_5)","line":32,"loc":{"start":{"line":32,"column":26},"end":{"line":32,"column":38}}},"6":{"name":"(anonymous_6)","line":38,"loc":{"start":{"line":38,"column":42},"end":{"line":38,"column":94}}},"7":{"name":"(anonymous_7)","line":44,"loc":{"start":{"line":44,"column":36},"end":{"line":44,"column":87}}},"8":{"name":"(anonymous_8)","line":50,"loc":{"start":{"line":50,"column":36},"end":{"line":50,"column":53}}},"9":{"name":"(anonymous_9)","line":58,"loc":{"start":{"line":58,"column":48},"end":{"line":58,"column":65}}},"10":{"name":"(anonymous_10)","line":66,"loc":{"start":{"line":66,"column":42},"end":{"line":66,"column":59}}},"11":{"name":"(anonymous_11)","line":74,"loc":{"start":{"line":74,"column":37},"end":{"line":74,"column":54}}},"12":{"name":"(anonymous_12)","line":82,"loc":{"start":{"line":82,"column":36},"end":{"line":82,"column":56}}},"13":{"name":"(anonymous_13)","line":90,"loc":{"start":{"line":90,"column":29},"end":{"line":90,"column":49}}},"14":{"name":"(anonymous_14)","line":98,"loc":{"start":{"line":98,"column":30},"end":{"line":98,"column":50}}},"15":{"name":"(anonymous_15)","line":106,"loc":{"start":{"line":106,"column":35},"end":{"line":106,"column":47}}},"16":{"name":"(anonymous_16)","line":112,"loc":{"start":{"line":112,"column":27},"end":{"line":112,"column":41}}},"17":{"name":"(anonymous_17)","line":120,"loc":{"start":{"line":120,"column":31},"end":{"line":120,"column":43}}},"18":{"name":"(anonymous_18)","line":126,"loc":{"start":{"line":126,"column":34},"end":{"line":126,"column":54}}},"19":{"name":"(anonymous_19)","line":134,"loc":{"start":{"line":134,"column":41},"end":{"line":134,"column":61}}},"20":{"name":"(anonymous_20)","line":142,"loc":{"start":{"line":142,"column":31},"end":{"line":143,"column":60}}},"21":{"name":"(anonymous_21)","line":157,"loc":{"start":{"line":157,"column":26},"end":{"line":157,"column":57}}},"22":{"name":"(anonymous_22)","line":167,"loc":{"start":{"line":167,"column":25},"end":{"line":167,"column":52}}},"23":{"name":"(anonymous_23)","line":176,"loc":{"start":{"line":176,"column":33},"end":{"line":176,"column":63}}},"24":{"name":"(anonymous_24)","line":188,"loc":{"start":{"line":188,"column":33},"end":{"line":188,"column":64}}},"25":{"name":"(anonymous_25)","line":197,"loc":{"start":{"line":197,"column":32},"end":{"line":197,"column":44}}},"26":{"name":"(anonymous_26)","line":203,"loc":{"start":{"line":203,"column":33},"end":{"line":203,"column":54}}},"27":{"name":"(anonymous_27)","line":211,"loc":{"start":{"line":211,"column":34},"end":{"line":211,"column":61}}},"28":{"name":"(anonymous_28)","line":220,"loc":{"start":{"line":220,"column":30},"end":{"line":220,"column":42}}},"29":{"name":"(anonymous_29)","line":226,"loc":{"start":{"line":226,"column":29},"end":{"line":226,"column":54}}},"30":{"name":"(anonymous_30)","line":235,"loc":{"start":{"line":235,"column":34},"end":{"line":235,"column":73}}},"31":{"name":"(anonymous_31)","line":245,"loc":{"start":{"line":245,"column":31},"end":{"line":245,"column":43}}},"32":{"name":"(anonymous_32)","line":251,"loc":{"start":{"line":251,"column":33},"end":{"line":252,"column":91}}},"33":{"name":"(anonymous_33)","line":268,"loc":{"start":{"line":268,"column":22},"end":{"line":268,"column":40}}},"34":{"name":"(anonymous_34)","line":276,"loc":{"start":{"line":276,"column":31},"end":{"line":276,"column":43}}},"35":{"name":"(anonymous_35)","line":282,"loc":{"start":{"line":282,"column":33},"end":{"line":282,"column":59}}},"36":{"name":"(anonymous_36)","line":290,"loc":{"start":{"line":290,"column":26},"end":{"line":290,"column":83}}},"37":{"name":"(anonymous_37)","line":301,"loc":{"start":{"line":301,"column":27},"end":{"line":301,"column":66}}},"38":{"name":"(anonymous_38)","line":311,"loc":{"start":{"line":311,"column":32},"end":{"line":311,"column":51}}},"39":{"name":"(anonymous_39)","line":319,"loc":{"start":{"line":319,"column":29},"end":{"line":319,"column":41}}},"40":{"name":"(anonymous_40)","line":325,"loc":{"start":{"line":325,"column":28},"end":{"line":325,"column":40}}},"41":{"name":"(anonymous_41)","line":331,"loc":{"start":{"line":331,"column":31},"end":{"line":331,"column":90}}},"42":{"name":"(anonymous_42)","line":343,"loc":{"start":{"line":343,"column":36},"end":{"line":343,"column":48}}},"43":{"name":"(anonymous_43)","line":349,"loc":{"start":{"line":349,"column":38},"end":{"line":349,"column":72}}},"44":{"name":"(anonymous_44)","line":358,"loc":{"start":{"line":358,"column":25},"end":{"line":358,"column":47}}},"45":{"name":"(anonymous_45)","line":366,"loc":{"start":{"line":366,"column":33},"end":{"line":366,"column":53}}},"46":{"name":"(anonymous_46)","line":375,"loc":{"start":{"line":375,"column":18},"end":{"line":375,"column":33}}},"47":{"name":"(anonymous_47)","line":377,"loc":{"start":{"line":377,"column":9},"end":{"line":377,"column":21}}},"48":{"name":"(anonymous_48)","line":382,"loc":{"start":{"line":382,"column":9},"end":{"line":382,"column":21}}}},"statementMap":{"1":{"start":{"line":1,"column":0},"end":{"line":1,"column":31}},"2":{"start":{"line":2,"column":0},"end":{"line":2,"column":31}},"3":{"start":{"line":3,"column":0},"end":{"line":3,"column":27}},"4":{"start":{"line":5,"column":0},"end":{"line":5,"column":26}},"5":{"start":{"line":7,"column":0},"end":{"line":7,"column":31}},"6":{"start":{"line":8,"column":0},"end":{"line":8,"column":41}},"7":{"start":{"line":10,"column":0},"end":{"line":14,"column":1}},"8":{"start":{"line":11,"column":2},"end":{"line":11,"column":51}},"9":{"start":{"line":13,"column":2},"end":{"line":13,"column":35}},"10":{"start":{"line":16,"column":0},"end":{"line":16,"column":39}},"11":{"start":{"line":18,"column":0},"end":{"line":24,"column":2}},"12":{"start":{"line":19,"column":2},"end":{"line":19,"column":51}},"13":{"start":{"line":20,"column":2},"end":{"line":23,"column":5}},"14":{"start":{"line":26,"column":0},"end":{"line":30,"column":2}},"15":{"start":{"line":27,"column":2},"end":{"line":27,"column":39}},"16":{"start":{"line":29,"column":2},"end":{"line":29,"column":14}},"17":{"start":{"line":32,"column":0},"end":{"line":36,"column":2}},"18":{"start":{"line":33,"column":2},"end":{"line":33,"column":42}},"19":{"start":{"line":35,"column":2},"end":{"line":35,"column":14}},"20":{"start":{"line":38,"column":0},"end":{"line":42,"column":2}},"21":{"start":{"line":39,"column":2},"end":{"line":39,"column":85}},"22":{"start":{"line":41,"column":2},"end":{"line":41,"column":14}},"23":{"start":{"line":44,"column":0},"end":{"line":48,"column":2}},"24":{"start":{"line":45,"column":2},"end":{"line":45,"column":78}},"25":{"start":{"line":47,"column":2},"end":{"line":47,"column":14}},"26":{"start":{"line":50,"column":0},"end":{"line":56,"column":2}},"27":{"start":{"line":51,"column":2},"end":{"line":51,"column":69}},"28":{"start":{"line":53,"column":2},"end":{"line":53,"column":44}},"29":{"start":{"line":55,"column":2},"end":{"line":55,"column":14}},"30":{"start":{"line":58,"column":0},"end":{"line":64,"column":2}},"31":{"start":{"line":59,"column":2},"end":{"line":59,"column":69}},"32":{"start":{"line":61,"column":2},"end":{"line":61,"column":56}},"33":{"start":{"line":63,"column":2},"end":{"line":63,"column":14}},"34":{"start":{"line":66,"column":0},"end":{"line":72,"column":2}},"35":{"start":{"line":67,"column":2},"end":{"line":67,"column":69}},"36":{"start":{"line":69,"column":2},"end":{"line":69,"column":50}},"37":{"start":{"line":71,"column":2},"end":{"line":71,"column":14}},"38":{"start":{"line":74,"column":0},"end":{"line":80,"column":2}},"39":{"start":{"line":75,"column":2},"end":{"line":75,"column":69}},"40":{"start":{"line":77,"column":2},"end":{"line":77,"column":45}},"41":{"start":{"line":79,"column":2},"end":{"line":79,"column":14}},"42":{"start":{"line":82,"column":0},"end":{"line":88,"column":2}},"43":{"start":{"line":83,"column":2},"end":{"line":83,"column":78}},"44":{"start":{"line":85,"column":2},"end":{"line":85,"column":47}},"45":{"start":{"line":87,"column":2},"end":{"line":87,"column":14}},"46":{"start":{"line":90,"column":0},"end":{"line":96,"column":2}},"47":{"start":{"line":91,"column":2},"end":{"line":91,"column":78}},"48":{"start":{"line":93,"column":2},"end":{"line":93,"column":40}},"49":{"start":{"line":95,"column":2},"end":{"line":95,"column":14}},"50":{"start":{"line":98,"column":0},"end":{"line":104,"column":2}},"51":{"start":{"line":99,"column":2},"end":{"line":99,"column":78}},"52":{"start":{"line":101,"column":2},"end":{"line":101,"column":41}},"53":{"start":{"line":103,"column":2},"end":{"line":103,"column":14}},"54":{"start":{"line":106,"column":0},"end":{"line":110,"column":2}},"55":{"start":{"line":107,"column":2},"end":{"line":107,"column":36}},"56":{"start":{"line":109,"column":2},"end":{"line":109,"column":14}},"57":{"start":{"line":112,"column":0},"end":{"line":118,"column":2}},"58":{"start":{"line":113,"column":2},"end":{"line":113,"column":60}},"59":{"start":{"line":115,"column":2},"end":{"line":115,"column":32}},"60":{"start":{"line":117,"column":2},"end":{"line":117,"column":14}},"61":{"start":{"line":120,"column":0},"end":{"line":124,"column":2}},"62":{"start":{"line":121,"column":2},"end":{"line":121,"column":32}},"63":{"start":{"line":123,"column":2},"end":{"line":123,"column":14}},"64":{"start":{"line":126,"column":0},"end":{"line":132,"column":2}},"65":{"start":{"line":127,"column":2},"end":{"line":127,"column":78}},"66":{"start":{"line":129,"column":2},"end":{"line":129,"column":45}},"67":{"start":{"line":131,"column":2},"end":{"line":131,"column":14}},"68":{"start":{"line":134,"column":0},"end":{"line":140,"column":2}},"69":{"start":{"line":135,"column":2},"end":{"line":135,"column":78}},"70":{"start":{"line":137,"column":2},"end":{"line":137,"column":52}},"71":{"start":{"line":139,"column":2},"end":{"line":139,"column":14}},"72":{"start":{"line":142,"column":0},"end":{"line":155,"column":2}},"73":{"start":{"line":144,"column":2},"end":{"line":144,"column":78}},"74":{"start":{"line":145,"column":2},"end":{"line":145,"column":87}},"75":{"start":{"line":146,"column":2},"end":{"line":146,"column":96}},"76":{"start":{"line":147,"column":2},"end":{"line":147,"column":102}},"77":{"start":{"line":148,"column":2},"end":{"line":148,"column":73}},"78":{"start":{"line":149,"column":2},"end":{"line":149,"column":78}},"79":{"start":{"line":151,"column":2},"end":{"line":152,"column":51}},"80":{"start":{"line":154,"column":2},"end":{"line":154,"column":14}},"81":{"start":{"line":157,"column":0},"end":{"line":165,"column":2}},"82":{"start":{"line":158,"column":2},"end":{"line":158,"column":60}},"83":{"start":{"line":159,"column":2},"end":{"line":159,"column":87}},"84":{"start":{"line":160,"column":2},"end":{"line":160,"column":78}},"85":{"start":{"line":162,"column":2},"end":{"line":162,"column":48}},"86":{"start":{"line":164,"column":2},"end":{"line":164,"column":14}},"87":{"start":{"line":167,"column":0},"end":{"line":174,"column":2}},"88":{"start":{"line":168,"column":2},"end":{"line":168,"column":84}},"89":{"start":{"line":169,"column":2},"end":{"line":169,"column":61}},"90":{"start":{"line":171,"column":2},"end":{"line":171,"column":43}},"91":{"start":{"line":173,"column":2},"end":{"line":173,"column":14}},"92":{"start":{"line":176,"column":0},"end":{"line":186,"column":2}},"93":{"start":{"line":177,"column":2},"end":{"line":177,"column":69}},"94":{"start":{"line":178,"column":2},"end":{"line":178,"column":67}},"95":{"start":{"line":179,"column":2},"end":{"line":179,"column":90}},"96":{"start":{"line":181,"column":2},"end":{"line":181,"column":49}},"97":{"start":{"line":181,"column":25},"end":{"line":181,"column":47}},"98":{"start":{"line":183,"column":2},"end":{"line":183,"column":54}},"99":{"start":{"line":185,"column":2},"end":{"line":185,"column":14}},"100":{"start":{"line":188,"column":0},"end":{"line":195,"column":2}},"101":{"start":{"line":189,"column":2},"end":{"line":189,"column":81}},"102":{"start":{"line":190,"column":2},"end":{"line":190,"column":76}},"103":{"start":{"line":192,"column":2},"end":{"line":192,"column":55}},"104":{"start":{"line":194,"column":2},"end":{"line":194,"column":14}},"105":{"start":{"line":197,"column":0},"end":{"line":201,"column":2}},"106":{"start":{"line":198,"column":2},"end":{"line":198,"column":33}},"107":{"start":{"line":200,"column":2},"end":{"line":200,"column":14}},"108":{"start":{"line":203,"column":0},"end":{"line":209,"column":2}},"109":{"start":{"line":204,"column":2},"end":{"line":204,"column":81}},"110":{"start":{"line":206,"column":2},"end":{"line":206,"column":45}},"111":{"start":{"line":208,"column":2},"end":{"line":208,"column":14}},"112":{"start":{"line":211,"column":0},"end":{"line":218,"column":2}},"113":{"start":{"line":212,"column":2},"end":{"line":212,"column":69}},"114":{"start":{"line":213,"column":2},"end":{"line":213,"column":87}},"115":{"start":{"line":215,"column":2},"end":{"line":215,"column":52}},"116":{"start":{"line":217,"column":2},"end":{"line":217,"column":14}},"117":{"start":{"line":220,"column":0},"end":{"line":224,"column":2}},"118":{"start":{"line":221,"column":2},"end":{"line":221,"column":31}},"119":{"start":{"line":223,"column":2},"end":{"line":223,"column":14}},"120":{"start":{"line":226,"column":0},"end":{"line":233,"column":2}},"121":{"start":{"line":227,"column":2},"end":{"line":227,"column":69}},"122":{"start":{"line":228,"column":2},"end":{"line":228,"column":81}},"123":{"start":{"line":230,"column":2},"end":{"line":230,"column":45}},"124":{"start":{"line":232,"column":2},"end":{"line":232,"column":14}},"125":{"start":{"line":235,"column":0},"end":{"line":243,"column":2}},"126":{"start":{"line":236,"column":2},"end":{"line":236,"column":69}},"127":{"start":{"line":237,"column":2},"end":{"line":237,"column":87}},"128":{"start":{"line":238,"column":2},"end":{"line":238,"column":82}},"129":{"start":{"line":240,"column":2},"end":{"line":240,"column":64}},"130":{"start":{"line":242,"column":2},"end":{"line":242,"column":14}},"131":{"start":{"line":245,"column":0},"end":{"line":249,"column":2}},"132":{"start":{"line":246,"column":2},"end":{"line":246,"column":32}},"133":{"start":{"line":248,"column":2},"end":{"line":248,"column":14}},"134":{"start":{"line":251,"column":0},"end":{"line":266,"column":2}},"135":{"start":{"line":253,"column":2},"end":{"line":253,"column":78}},"136":{"start":{"line":254,"column":2},"end":{"line":254,"column":87}},"137":{"start":{"line":255,"column":2},"end":{"line":255,"column":85}},"138":{"start":{"line":256,"column":2},"end":{"line":256,"column":85}},"139":{"start":{"line":257,"column":2},"end":{"line":257,"column":94}},"140":{"start":{"line":258,"column":2},"end":{"line":258,"column":82}},"141":{"start":{"line":259,"column":2},"end":{"line":259,"column":72}},"142":{"start":{"line":260,"column":2},"end":{"line":260,"column":84}},"143":{"start":{"line":262,"column":2},"end":{"line":263,"column":85}},"144":{"start":{"line":265,"column":2},"end":{"line":265,"column":14}},"145":{"start":{"line":268,"column":0},"end":{"line":274,"column":2}},"146":{"start":{"line":269,"column":2},"end":{"line":269,"column":72}},"147":{"start":{"line":271,"column":2},"end":{"line":271,"column":31}},"148":{"start":{"line":273,"column":2},"end":{"line":273,"column":14}},"149":{"start":{"line":276,"column":0},"end":{"line":280,"column":2}},"150":{"start":{"line":277,"column":2},"end":{"line":277,"column":32}},"151":{"start":{"line":279,"column":2},"end":{"line":279,"column":14}},"152":{"start":{"line":282,"column":0},"end":{"line":288,"column":2}},"153":{"start":{"line":283,"column":2},"end":{"line":283,"column":96}},"154":{"start":{"line":285,"column":2},"end":{"line":285,"column":50}},"155":{"start":{"line":287,"column":2},"end":{"line":287,"column":14}},"156":{"start":{"line":290,"column":0},"end":{"line":299,"column":2}},"157":{"start":{"line":291,"column":2},"end":{"line":291,"column":78}},"158":{"start":{"line":292,"column":2},"end":{"line":292,"column":87}},"159":{"start":{"line":293,"column":2},"end":{"line":293,"column":97}},"160":{"start":{"line":294,"column":2},"end":{"line":294,"column":78}},"161":{"start":{"line":296,"column":2},"end":{"line":296,"column":74}},"162":{"start":{"line":298,"column":2},"end":{"line":298,"column":14}},"163":{"start":{"line":301,"column":0},"end":{"line":309,"column":2}},"164":{"start":{"line":302,"column":2},"end":{"line":302,"column":78}},"165":{"start":{"line":303,"column":2},"end":{"line":303,"column":87}},"166":{"start":{"line":304,"column":2},"end":{"line":304,"column":75}},"167":{"start":{"line":306,"column":2},"end":{"line":306,"column":57}},"168":{"start":{"line":308,"column":2},"end":{"line":308,"column":14}},"169":{"start":{"line":311,"column":0},"end":{"line":317,"column":2}},"170":{"start":{"line":312,"column":2},"end":{"line":312,"column":75}},"171":{"start":{"line":314,"column":2},"end":{"line":314,"column":42}},"172":{"start":{"line":316,"column":2},"end":{"line":316,"column":14}},"173":{"start":{"line":319,"column":0},"end":{"line":323,"column":2}},"174":{"start":{"line":320,"column":2},"end":{"line":320,"column":30}},"175":{"start":{"line":322,"column":2},"end":{"line":322,"column":14}},"176":{"start":{"line":325,"column":0},"end":{"line":329,"column":2}},"177":{"start":{"line":326,"column":2},"end":{"line":326,"column":29}},"178":{"start":{"line":328,"column":2},"end":{"line":328,"column":14}},"179":{"start":{"line":331,"column":0},"end":{"line":341,"column":2}},"180":{"start":{"line":332,"column":2},"end":{"line":332,"column":78}},"181":{"start":{"line":333,"column":2},"end":{"line":333,"column":87}},"182":{"start":{"line":334,"column":2},"end":{"line":334,"column":75}},"183":{"start":{"line":335,"column":2},"end":{"line":335,"column":82}},"184":{"start":{"line":336,"column":2},"end":{"line":336,"column":72}},"185":{"start":{"line":338,"column":2},"end":{"line":338,"column":81}},"186":{"start":{"line":340,"column":2},"end":{"line":340,"column":14}},"187":{"start":{"line":343,"column":0},"end":{"line":347,"column":2}},"188":{"start":{"line":344,"column":2},"end":{"line":344,"column":37}},"189":{"start":{"line":346,"column":2},"end":{"line":346,"column":14}},"190":{"start":{"line":349,"column":0},"end":{"line":356,"column":2}},"191":{"start":{"line":350,"column":2},"end":{"line":350,"column":78}},"192":{"start":{"line":351,"column":2},"end":{"line":351,"column":99}},"193":{"start":{"line":353,"column":2},"end":{"line":353,"column":63}},"194":{"start":{"line":355,"column":2},"end":{"line":355,"column":14}},"195":{"start":{"line":358,"column":0},"end":{"line":364,"column":2}},"196":{"start":{"line":359,"column":2},"end":{"line":359,"column":84}},"197":{"start":{"line":361,"column":2},"end":{"line":361,"column":38}},"198":{"start":{"line":363,"column":2},"end":{"line":363,"column":14}},"199":{"start":{"line":366,"column":0},"end":{"line":372,"column":2}},"200":{"start":{"line":367,"column":2},"end":{"line":367,"column":78}},"201":{"start":{"line":369,"column":2},"end":{"line":369,"column":44}},"202":{"start":{"line":371,"column":2},"end":{"line":371,"column":14}},"203":{"start":{"line":375,"column":0},"end":{"line":386,"column":3}},"204":{"start":{"line":376,"column":2},"end":{"line":380,"column":5}},"205":{"start":{"line":378,"column":6},"end":{"line":378,"column":20}},"206":{"start":{"line":381,"column":2},"end":{"line":385,"column":5}},"207":{"start":{"line":383,"column":6},"end":{"line":383,"column":20}},"208":{"start":{"line":389,"column":0},"end":{"line":389,"column":60}},"209":{"start":{"line":390,"column":0},"end":{"line":390,"column":51}},"210":{"start":{"line":391,"column":0},"end":{"line":391,"column":48}},"211":{"start":{"line":393,"column":0},"end":{"line":393,"column":20}}},"branchMap":{"1":{"line":179,"type":"binary-expr","locations":[{"start":{"line":179,"column":9},"end":{"line":179,"column":24}},{"start":{"line":179,"column":28},"end":{"line":179,"column":44}}]},"2":{"line":181,"type":"if","locations":[{"start":{"line":181,"column":2},"end":{"line":181,"column":2}},{"start":{"line":181,"column":2},"end":{"line":181,"column":2}}]}},"code":["var assert = require('assert');","var events = require('events');","var util = require('util');","","var _ = require('lodash');","","var C = require('./constants');","var Controller = require('./controller');","","function IB(options) {","  this._controller = new Controller(this, options);","","  this.on('error', function () {});","}","","util.inherits(IB, events.EventEmitter);","","IB.prototype._send = function () {","  var args = Array.prototype.slice.call(arguments);","  this._controller.schedule('api', {","    func: args[0],","    args: args.slice(1)","  });","};","","IB.prototype.connect = function () {","  this._controller.schedule('connect');","","  return this;","};","","IB.prototype.disconnect = function () {","  this._controller.schedule('disconnect');","","  return this;","};","","IB.prototype.calculateImpliedVolatility = function (reqId, contract, optionPrice, underPrice) {","  this._send('calculateImpliedVolatility', reqId, contract, optionPrice, underPrice);","","  return this;","};","","IB.prototype.calculateOptionPrice = function (reqId, contract, volatility, underPrice) {","  this._send('calculateOptionPrice', reqId, contract, volatility, underPrice);","","  return this;","};","","IB.prototype.cancelAccountSummary = function (reqId) {","  assert(_.isNumber(reqId), '\"reqId\" must be an integer - ' + reqId);","","  this._send('cancelAccountSummary', reqId);","","  return this;","};","","IB.prototype.cancelCalculateImpliedVolatility = function (reqId) {","  assert(_.isNumber(reqId), '\"reqId\" must be an integer - ' + reqId);","","  this._send('cancelCalculateImpliedVolatility', reqId);","","  return this;","};","","IB.prototype.cancelCalculateOptionPrice = function (reqId) {","  assert(_.isNumber(reqId), '\"reqId\" must be an integer - ' + reqId);","","  this._send('cancelCalculateOptionPrice', reqId);","","  return this;","};","","IB.prototype.cancelFundamentalData = function (reqId) {","  assert(_.isNumber(reqId), '\"reqId\" must be an integer - ' + reqId);","","  this._send('cancelFundamentalData', reqId);","","  return this;","};","","IB.prototype.cancelHistoricalData = function (tickerId) {","  assert(_.isNumber(tickerId), '\"tickerId\" must be an integer - ' + tickerId);","","  this._send('cancelHistoricalData', tickerId);","","  return this;","};","","IB.prototype.cancelMktData = function (tickerId) {","  assert(_.isNumber(tickerId), '\"tickerId\" must be an integer - ' + tickerId);","","  this._send('cancelMktData', tickerId);","","  return this;","};","","IB.prototype.cancelMktDepth = function (tickerId) {","  assert(_.isNumber(tickerId), '\"tickerId\" must be an integer - ' + tickerId);","","  this._send('cancelMktDepth', tickerId);","","  return this;","};","","IB.prototype.cancelNewsBulletins = function () {","  this._send('cancelNewsBulletins');","","  return this;","};","","IB.prototype.cancelOrder = function (id) {","  assert(_.isNumber(id), '\"id\" must be an integer - ' + id);","","  this._send('cancelOrder', id);","","  return this;","};","","IB.prototype.cancelPositions = function () {","  this._send('cancelPositions');","","  return this;","};","","IB.prototype.cancelRealTimeBars = function (tickerId) {","  assert(_.isNumber(tickerId), '\"tickerId\" must be an integer - ' + tickerId);","","  this._send('cancelRealTimeBars', tickerId);","","  return this;","};","","IB.prototype.cancelScannerSubscription = function (tickerId) {","  assert(_.isNumber(tickerId), '\"tickerId\" must be an integer - ' + tickerId);","","  this._send('cancelScannerSubscription', tickerId);","","  return this;","};","","IB.prototype.exerciseOptions = function (tickerId, contract, exerciseAction, exerciseQuantity,","                                         account, override) {","  assert(_.isNumber(tickerId), '\"tickerId\" must be an integer - ' + tickerId);","  assert(_.isPlainObject(contract), '\"contract\" must be a plain object - ' + contract);","  assert(_.isNumber(exerciseAction), '\"exerciseAction\" must be an integer - ' + exerciseAction);","  assert(_.isNumber(exerciseQuantity), '\"exerciseQuantity\" must be an integer - ' + exerciseQuantity);","  assert(_.isString(account), '\"account\" must be a string - ' + account);","  assert(_.isNumber(override), '\"override\" must be an integer - ' + override);","","  this._send('exerciseOptions', tickerId, contract, exerciseAction, exerciseQuantity,","                                account, override);","","  return this;","};","","IB.prototype.placeOrder = function (id, contract, order) {","  assert(_.isNumber(id), '\"id\" must be an integer - ' + id);","  assert(_.isPlainObject(contract), '\"contract\" must be a plain object - ' + contract);","  assert(_.isPlainObject(order), '\"order\" must be a plain object - ' + order);","","  this._send('placeOrder', id, contract, order);","","  return this;","};","","IB.prototype.replaceFA = function (faDataType, xml) {","  assert(_.isNumber(faDataType), '\"faDataType\" must be an integer - ' + faDataType);","  assert(_.isString(xml), '\"xml\" must be a string - ' + xml);","","  this._send('replaceFA', faDataType, xml);","","  return this;","};","","IB.prototype.reqAccountSummary = function (reqId, group, tags) {","  assert(_.isNumber(reqId), '\"reqId\" must be an integer - ' + reqId);","  assert(_.isString(group), '\"group\" must be a string - ' + group);","  assert(_.isArray(tags) || _.isString(tags), '\"tags\" must be array or string - ' + tags);","","  if (_.isArray(tags)) { tags = tags.join(','); }","","  this._send('reqAccountSummary', reqId, group, tags);","","  return this;","};","","IB.prototype.reqAccountUpdates = function (subscribe, acctCode) {","  assert(_.isBoolean(subscribe), '\"subscribe\" must be a boolean - ' + subscribe);","  assert(_.isString(acctCode), '\"acctCode\" must be a string - ' + acctCode);","","  this._send('reqAccountUpdates', subscribe, acctCode);","","  return this;","};","","IB.prototype.reqAllOpenOrders = function () {","  this._send('reqAllOpenOrders');","","  return this;","};","","IB.prototype.reqAutoOpenOrders = function (bAutoBind) {","  assert(_.isBoolean(bAutoBind), '\"bAutoBind\" must be a boolean - ' + bAutoBind);","","  this._send('reqAutoOpenOrders', bAutoBind);","","  return this;","};","","IB.prototype.reqContractDetails = function (reqId, contract) {","  assert(_.isNumber(reqId), '\"reqId\" must be an integer - ' + reqId);","  assert(_.isPlainObject(contract), '\"contract\" must be a plain object - ' + contract);","","  this._send('reqContractDetails', reqId, contract);","","  return this;","};","","IB.prototype.reqCurrentTime = function () {","  this._send('reqCurrentTime');","","  return this;","};","","IB.prototype.reqExecutions = function (reqId, filter) {","  assert(_.isNumber(reqId), '\"reqId\" must be an integer - ' + reqId);","  assert(_.isPlainObject(filter), '\"filter\" must be a plain object - ' + filter);","","  this._send('reqExecutions', reqId, filter);","","  return this;","};","","IB.prototype.reqFundamentalData = function (reqId, contract, reportType) {","  assert(_.isNumber(reqId), '\"reqId\" must be an integer - ' + reqId);","  assert(_.isPlainObject(contract), '\"contract\" must be a plain object - ' + contract);","  assert(_.isString(reportType), '\"reportType\" must be a string - ' + reportType);","","  this._send('reqFundamentalData', reqId, contract, reportType);","","  return this;","};","","IB.prototype.reqGlobalCancel = function () {","  this._send('reqGlobalCancel');","
[...]
0},"b":{"1":[0,0],"2":[0,0]},"f":{"1":0},"fnMap":{"1":{"name":"(anonymous_1)","line":5,"loc":{"start":{"line":5,"column":17},"end":{"line":5,"column":55}}}},"statementMap":{"1":{"start":{"line":1,"column":0},"end":{"line":1,"column":31}},"2":{"start":{"line":3,"column":0},"end":{"line":3,"column":26}},"3":{"start":{"line":5,"column":0},"end":{"line":14,"column":2}},"4":{"start":{"line":6,"column":2},"end":{"line":6,"column":57}},"5":{"start":{"line":8,"column":2},"end":{"line":13,"column":4}}},"branchMap":{"1":{"line":9,"type":"binary-expr","locations":[{"start":{"line":9,"column":14},"end":{"line":9,"column":22}},{"start":{"line":9,"column":26},"end":{"line":9,"column":31}}]},"2":{"line":10,"type":"binary-expr","locations":[{"start":{"line":10,"column":14},"end":{"line":10,"column":22}},{"start":{"line":10,"column":26},"end":{"line":10,"column":33}}]}},"code":["var assert = require('assert');","","var _ = require('lodash');","","module.exports = function (symbol, exchange, currency) {","  assert(_.isString(symbol), 'Symbol must be a string.');","","  return {","    currency: currency || 'USD',","    exchange: exchange || 'SMART',","    secType: 'CFD',","    symbol: symbol","  };","};",""],"l":{"1":1,"3":1,"5":1,"6":0,"8":0}},"/home/travis/build/npmtest/node-npmtest-ib/node_modules/ib/lib/contract/ind.js":{"path":"/home/travis/build/npmtest/node-npmtest-ib/node_modules/ib/lib/contract/ind.js","s":{"1":1,"2":1,"3":1,"4":0,"5":0,"6":0},"b":{"1":[0,0],"2":[0,0]},"f":{"1":0},"fnMap":{"1":{"name":"(anonymous_1)","line":5,"loc":{"start":{"line":5,"column":17},"end":{"line":5,"column":63}}}},"statementMap":{"1":{"start":{"line":1,"column":0},"end":{"line":1,"column":31}},"2":{"start":{"line":3,"column":0},"end":{"line":3,"column":26}},"3":{"start":{"line":5,"column":0},"end":{"line":16,"column":2}},"4":{"start":{"line":6,"column":2},"end":{"line":6,"column":57}},"5":{"start":{"line":7,"column":2},"end":{"line":7,"column":57}},"6":{"start":{"line":9,"column":2},"end":{"line":15,"column":4}}},"branchMap":{"1":{"line":10,"type":"binary-expr","locations":[{"start":{"line":10,"column":14},"end":{"line":10,"column":22}},{"start":{"line":10,"column":26},"end":{"line":10,"column":31}}]},"2":{"line":11,"type":"binary-expr","locations":[{"start":{"line":11,"column":14},"end":{"line":11,"column":22}},{"start":{"line":11,"column":26},"end":{"line":11,"column":32}}]}},"code":["var assert = require('assert');","","var _ = require('lodash');","","module.exports = function (symbol, expiry, currency, exchange) {","  assert(_.isString(symbol), 'Symbol must be a string.');","  assert(_.isString(expiry), 'Expiry must be a string.');","","  return {","    currency: currency || 'USD',","    exchange: exchange || 'CBOE',","    expiry: expiry,","    secType: 'IND',","    symbol: symbol","  };","};",""],"l":{"1":1,"3":1,"5":1,"6":0,"7":0,"9":0}},"/home/travis/build/npmtest/node-npmtest-ib/node_modules/ib/lib/order/index.js":{"path":"/home/travis/build/npmtest/node-npmtest-ib/node_modules/ib/lib/order/index.js","s":{"1":1,"2":1,"3":1,"4":1,"5":1,"6":1},"b":{},"f":{},"fnMap":{},"statementMap":{"1":{"start":{"line":1,"column":0},"end":{"line":1,"column":35}},"2":{"start":{"line":2,"column":0},"end":{"line":2,"column":37}},"3":{"start":{"line":3,"column":0},"end":{"line":3,"column":33}},"4":{"start":{"line":4,"column":0},"end":{"line":4,"column":43}},"5":{"start":{"line":5,"column":0},"end":{"line":5,"column":47}},"6":{"start":{"line":6,"column":0},"end":{"line":6,"column":49}}},"branchMap":{},"code":["exports.limit = require('./limit');","exports.market = require('./market');","exports.stop = require('./stop');","exports.stopLimit = require('./stopLimit');","exports.marketClose = require('./marketClose');","exports.trailingStop = require('./trailingStop');",""],"l":{"1":1,"2":1,"3":1,"4":1,"5":1,"6":1}},"/home/travis/build/npmtest/node-npmtest-ib/node_modules/ib/lib/order/limit.js":{"path":"/home/travis/build/npmtest/node-npmtest-ib/node_modules/ib/lib/order/limit.js","s":{"1":1,"2":1,"3":1,"4":0,"5":0,"6":0,"7":0,"8":0,"9":0},"b":{"1":[0,0]},"f":{"1":0},"fnMap":{"1":{"name":"(anonymous_1)","line":5,"loc":{"start":{"line":5,"column":17},"end":{"line":5,"column":67}}}},"statementMap":{"1":{"start":{"line":1,"column":0},"end":{"line":1,"column":31}},"2":{"start":{"line":3,"column":0},"end":{"line":3,"column":26}},"3":{"start":{"line":5,"column":0},"end":{"line":21,"column":2}},"4":{"start":{"line":6,"column":2},"end":{"line":6,"column":57}},"5":{"start":{"line":7,"column":2},"end":{"line":7,"column":61}},"6":{"start":{"line":8,"column":2},"end":{"line":8,"column":55}},"7":{"start":{"line":10,"column":2},"end":{"line":12,"column":3}},"8":{"start":{"line":11,"column":4},"end":{"line":11,"column":25}},"9":{"start":{"line":14,"column":2},"end":{"line":20,"column":4}}},"branchMap":{"1":{"line":10,"type":"if","locations":[{"start":{"line":10,"column":2},"end":{"line":10,"column":2}},{"start":{"line":10,"column":2},"end":{"line":10,"column":2}}]}},"code":["var assert = require('assert');","","var _ = require('lodash');","","module.exports = function (action, quantity, price, transmitOrder) {","  assert(_.isString(action), 'Action must be a string.');","  assert(_.isNumber(quantity), 'Quantity must be a number.');","  assert(_.isNumber(price), 'Price must be a number.');","","  if (transmitOrder === undefined) {","    transmitOrder = true;","  }","","  return {","    action: action,","    lmtPrice: price,","    orderType: 'LMT',","    totalQuantity: quantity,","    transmit: transmitOrder","  };","};",""],"l":{"1":1,"3":1,"5":1,"6":0,"7":0,"8":0,"10":0,"11":0,"14":0}},"/home/travis/build/npmtest/node-npmtest-ib/node_modules/ib/lib/order/market.js":{"path":"/home/travis/build/npmtest/node-npmtest-ib/node_modules/ib/lib/order/market.js","s":{"1":1,"2":1,"3":1,"4":0,"5":0,"6":0,"7":0,"8":0,"9":0,"10":0,"11":0,"12":0},"b":{"1":[0,0],"2":[0,0],"3":[0,0]},"f":{"1":0},"fnMap":{"1":{"name":"(anonymous_1)","line":5,"loc":{"start":{"line":5,"column":17},"end":{"line":5,"column":89}}}},"statementMap":{"1":{"start":{"line":1,"column":0},"end":{"line":1,"column":31}},"2":{"start":{"line":3,"column":0},"end":{"line":3,"column":26}},"3":{"start":{"line":5,"column":0},"end":{"line":29,"column":2}},"4":{"start":{"line":6,"column":2},"end":{"line":6,"column":57}},"5":{"start":{"line":7,"column":2},"end":{"line":7,"column":61}},"6":{"start":{"line":9,"column":2},"end":{"line":11,"column":3}},"7":{"start":{"line":10,"column":4},"end":{"line":10,"column":25}},"8":{"start":{"line":13,"column":2},"end":{"line":15,"column":3}},"9":{"start":{"line":14,"column":4},"end":{"line":14,"column":23}},"10":{"start":{"line":17,"column":2},"end":{"line":19,"column":3}},"11":{"start":{"line":18,"column":4},"end":{"line":18,"column":22}},"12":{"start":{"line":21,"column":2},"end":{"line":28,"column":4}}},"branchMap":{"1":{"line":9,"type":"if","locations":[{"start":{"line":9,"column":2},"end":{"line":9,"column":2}},{"start":{"line":9,"column":2},"end":{"line":9,"column":2}}]},"2":{"line":13,"type":"if","locations":[{"start":{"line":13,"column":2},"end":{"line":13,"column":2}},{"start":{"line":13,"column":2},"end":{"line":13,"column":2}}]},"3":{"line":17,"type":"if","locations":[{"start":{"line":17,"column":2},"end":{"line":17,"column":2}},{"start":{"line":17,"column":2},"end":{"line":17,"column":2}}]}},"code":["var assert = require('assert');","","var _ = require('lodash');","","module.exports = function (action, quantity, transmitOrder, goodAfterTime, goodTillDate) {","  assert(_.isString(action), 'Action must be a string.');","  assert(_.isNumber(quantity), 'Quantity must be a string.');","","  if (transmitOrder === undefined) {","    transmitOrder = true;","  }","","  if ( goodAfterTime === undefined ) {","    goodAfterTime = '';","  }","","  if ( goodTillDate === undefined ) {","    goodTillDate = '';","  }","","  return {","    action: action,","    orderType: 'MKT',","    totalQuantity: quantity,","    transmit: transmitOrder,","    goodAfterTime: goodAfterTime,","    goodTillDate: goodTillDate","  };","};",""],"l":{"1":1,"3":1,"5":1,"6":0,"7":0,"9":0,"10":0,"13":0,"14":0,"17":0,"18":0,"21":0}},"/home/travis/build/npmtest/node-npmtest-ib/node_modules/ib/lib/order/stop.js":{"path":"/home/travis/build/npmtest/node-npmtest-ib/node_modules/ib/lib/order/stop.js","s":{"1":1,"2":1,"3":1,"4":0,"5":0,"6":0,"7":0},"b":{"1":[0,0],"2":[0,0],"3":[0,0]},"f":{"1":0},"fnMap":{"1":{"name":"(anonymous_1)","line":5,"loc":{"start":{"line":5,"column":17},"end":{"line":5,"column":82}}}},"statementMap":{"1":{"start":{"line":1,"column":0},"end":{"line":1,"column":31}},"2":{"start":{"line":3,"column":0},"end":{"line":3,"column":26}},"3":{"start":{"line":5,"column":0},"end":{"line":19,"column":2}},"4":{"start":{"line":6,"column":2},"end":{"line":6,"column":57}},"5":{"start":{"line":7,"column":2},"end":{"line":7,"column":61}},"6":{"start":{"line":8,"column":2},"end":{"line":8,"column":55}},"7":{"start":{"line":10,"column":2},"end":{"line":18,"column":4}}},"branchMap":{"1":{"line":15,"type":"binary-expr","locations":[{"start":{"line":15,"column":14},"end":{"line":15,"column":27}},{"start":{"line":15,"column":31},"end":{"line":15,"column":35}}]},"2":{"line":16,"type":"binary-expr","locations":[{"start":{"line":16,"column":14},"end":{"line":16,"column":22}},{"start":{"line":16,"column":26},"end":{"line":16,"column":27}}]},"3":{"line":17,"type":"binary-expr","locations":[{"start":{"line":17,"column":9},"end":{"line":17,"column":12}},{"start":{"line":17,"column":16},"end":{"line":17,"column":21}}]}},"code":["var assert = require('assert');","","var _ = require('lodash');","","module.exports = function (action, quantity, price, transmitOrder, parentId, tif) {","  assert(_.isString(action), 'Action must be a string.');","  assert(_.isNumber(quantity), 'Quantity must be a number.');","  assert(_.isNumber(price), 'Price must be a number.');","","  return {","    action: action,","    auxPrice: price,","    orderType: 'STP',","    totalQuantity: quantity,","    transmit: transmitOrder || true,","    parentId: parentId || 0,","    tif: tif || 'DAY'","  };","};",""],"l":{"1":1,"3":1,"5":1,"6":0,"7":0,"8":0,"10":0}},"/home/travis/build/npmtest/node-npmtest-ib/node_modules/ib/lib/order/stopLimit.js":{"path":"/home/travis/build/npmtest/node-npmtest-ib/node_modules/ib/lib/order/stopLimit.js","s":{"1":1,"2":1,"3":1,"4":0,"5":0,"6":0,"7":0,"8":0},"b":{"1":[0,0],"2":[0,0],"3":[0,0]},"f":{"1":0},"fnMap":{"1":{"name":"(anonymous_1)","line":5,"loc":{"start":{"line":5,"column":17},"end":{"line":5,"column":98}}}},"statementMap":{"1":{"start":{"line":1,"column":0},"end":{"line":1,"column":31}},"2":{"start":{"line":3,"column":0},"end":{"line":3,"column":26}},"3":{"start":{"line":5,"column":0},"end":{"line":21,"column":2}},"4":{"start":{"line":6,"column":2},"end":{"line":6,"column":57}},"5":{"start":{"line":7,"column":2},"end":{"line":7,"column":61}},"6":{"start":{"line":8,"column":2},"end":{"line":8,"column":64}},"7":{"start":{"line":9,"column":2},"end":{"line":9,"column":66}},"8":{"start":{"line":11,"column":2},"end":{"line":20,"column":4}}},"branchMap":{"1":{"line":17,"type":"binary-expr","locations":[{"start":{"line":17,"column":14},"end":{"line":17,"column":27}},{"start":{"line":17,"column":31},"end":{"line":17,"column":35}}]},"2":{"line":18,"type":"binary-expr","locations":[{"start":{"line":18,"column":14},"end":{"line":18,"column":22}},{"start":{"line":18,"column":26},"end":{"line":18,"column":27}}]},"3":{"line":19,"type":"binary-expr","locations":[{"start":{"line":19,"column":9},"end":{"line":19,"column":12}},{"start":{"line":19,"column":16},"end":{"line":19,"column":21}}]}},"code":["var assert = require('assert');","","var _ = require('lodash');","","module.exports = function (action, quantity, limitPrice, stopPrice, transmitOrder, parentId, tif) {","  assert(_.isString(action), 'Action must be a string.');","  assert(_.isNumber(quantity), 'Quantity must be a string.');","  assert(_.isNumber(stopPrice), 'Stop price must be a number.');","  assert(_.isNumber(limitPrice), 'Limit price must be a number.');","","  return {","    action: action,","    lmtPrice: limitPrice,","    auxPrice: stopPrice,","    orderType: 'STP LMT',","    totalQuantity: quantity,","    transmit: transmitOrder || true,","    parentId: parentId || 0,","    tif: tif || 'DAY'","  };","};",""],"l":{"1":1,"3":1,"5":1,"6":0,"7":0,"8":0,"9":0,"11":0}},"/home/travis/build/npmtest/node-npmtest-ib/node_modules/ib/lib/order/marketClose.js":{"path":"/home/travis/build/npmtest/node-npmtest-ib/node_modules/ib/lib/order/marketClose.js","s":{"1":1,"2":1,"3":1,"4":0,"5":0,"6":0,"7":0,"8":0},"b":{"1":[0,0]},"f":{"1":0},"fnMap":{"1":{"name":"(anonymous_1)","line":5,"loc":{"start":{"line":5,"column":17},"end":{"line":5,"column":60}}}},"statementMap":{"1":{"start":{"line":1,"column":0},"end":{"line":1,"column":31}},"2":{"start":{"line":3,"column":0},"end":{"line":3,"column":26}},"3":{"start":{"line":5,"column":0},"end":{"line":19,"column":2}},"4":{"start":{"line":6,"column":2},"end":{"line":6,"column":57}},"5":{"start":{"line":7,"column":2},"end":{"line":7,"column":61}},"6":{"start":{"line":9,"column":2},"end":{"line":11,"column":3}},"7":{"start":{"line":10,"column":4},"end":{"line":10,"column":25}},"8":{"start":{"line":13,"column":2},"end":{"line":18,"column":4}}},"branchMap":{"1":{"line":9,"type":"if","locations":[{"start":{"line":9,"column":2},"end":{"line":9,"column":2}},{"start":{"line":9,"column":2},"end":{"line":9,"column":2}}]}},"code":["var assert = require('assert');","","var _ = require('lodash');","","module.exports = function (action, quantity, transmitOrder) {","  assert(_.isString(action), 'Action must be a string.');","  assert(_.isNumber(quantity), 'Quantity must be a string.');","","  if (transmitOrder === undefined) {","    transmitOrder = true;","  }","","  return {","    action: action,","    orderType: 'MOC',","    totalQuantity: quantity,","    transmit: transmitOrder","  };","};",""],"l":{"1":1,"3":1,"5":1,"6":0,"7":0,"9":0,"10":0,"13":0}},"/home/travis/build/npmtest/node-npmtest-ib/node_modules/ib/lib/order/trailingStop.js":{"path":"/home/travis/build/npmtest/node-npmtest-ib/node_modules/ib/lib/order/trailingStop.js","s":{"1":1,"2":1,"3":1,"4":0,"5":0,"6":0,"7":0},"b":{"1":[0,0],"2":[0,0]},"f":{"1":0},"fnMap":{"1":{"name":"(anonymous_1)","line":5,"loc":{"start":{"line":5,"column":17},"end":{"line":5,"column":85}}}},"statementMap":{"1":{"start":{"line":1,"column":0},"end":{"line":1,"column":31}},"2":{"start":{"line":3,"column":0},"end":{"line":3,"column":26}},"3":{"start":{"line":5,"column":0},"end":{"line":19,"column":2}},"4":{"start":{"line":6,"column":2},"end":{"line":6,"column":57}},"5":{"start":{"line":7,"column":2},"end":{"line":7,"column":61}},"6":{"start":{"line":8,"column":2},"end":{"line":8,"column":58}},"7":{"start":{"line":10,"column":2},"end":{"line":18,"column":4}}},"branchMap":{"1":{"line":16,"type":"binary-expr","locations":[{"start":{"line":16,"column":14},"end":{"line":16,"column":27}},{"start":{"line":16,"column":31},"end":{"line":16,"column":35}}]},"2":{"line":17,"type":"binary-expr","locations":[{"start":{"line":17,"column":14},"end":{"line":17,"column":22}},{"start":{"line":17,"column":26},"end":{"line":17,"column":27}}]}},"code":["var assert = require('assert');","","var _ = require('lodash');","","module.exports = function (action, quantity, auxPrice, tif, transmitOrder, parentId) {","  assert(_.isString(action), 'Action must be a string.');","  assert(_.isNumber(quantity), 'Quantity must be a number.');","  assert(_.isNumber(auxPrice), 'Price must be a number.');","","  return {","    action: action,","    totalQuantity: quantity,","    orderType: 'TRAIL',  // https://www.interactivebrokers.com/en/software/api/apiguide/tables/supported_order_types.htm","    auxPrice: auxPrice,","    tif: tif,  // note - TRAIL orders are only triggered during the trading hours of the contract","    transmit: transmitOrder || true,","    parentId: parentId || 0","  };","};",""],"l":{"1":1,"3":1,"5":1,"6":0,"7":0,"8":0,"10":0}},"/home/travis/build/npmtest/node-npmtest-ib/node_modules/ib/lib/util.js":{"path":"/home/travis/build/npmtest/node-npmtest-ib/node_modules/ib/lib/util.js","s":{"1":1,"2":1,"3":0,"4":0,"5":0,"6":1,"7":0,"8":1,"9":0,"10":0,"11":0,"12":0,"13":0,"14":1,"15":0,"16":1,"17":0,"18":1,"19":1,"20":1,"21":1},"b":{"1":[0,0],"2":[0,0],"3":[0,0]},"f":{"1":0,"2":0,"3":0,"4":0,"5":0},"fnMap":{"1":{"name":"_findKeyForValue","line":3,"loc":{"start":{"line":3,"column":0},"end":{"line":3,"column":41}}},"2":{"name":"incomingToString","line":11,"loc":{"start":{"line":11,"column":0},"end":{"line":11,"column":36}}},"3":{"name":"numberToString","line":15,"loc":{"start":{"line":15,"column":0},"end":{"line":15,"column":32}}},"4":{"name":"outgoingToString","line":25,"loc":{"start":{"line":25,"column":0},"end":{"line":25,"column":36}}},"5":{"name":"tickTypeToString","line":29,"loc":{"start":{"line":29,"column":0},"end":{"line":29,"column":36}}}},"statementMap":{"1":{"start":{"line":1,"column":0},"end":{"line":1,"column":31}},"2":{"start":{"line":3,"column":0},"end":{"line":9,"column":1}},"3":{"start":{"line":4,"column":2},"end":{"line":8,"column":3}},"4":{"start":{"line":5,"column":4},"end":{"line":7,"column":5}},"5":{"start":{"line":6,"column":6},"end":{"line":6,"column":17}},"6":{"start":{"line":11,"column":0},"end":{"line":13,"column":1}},"7":{"start":{"line":12,"column":2},"end":{"line":12,"column":48}},"8":{"start":{"line":15,"column":0},"end":{"line":23,"column":1}},"9":{"start":{"line":16,"column":2},"end":{"line":22,"column":3}},"10":{"start":{"line":17,"column":4},"end":{"line":17,"column":17}},"11":{"start":{"line":18,"column":9},"end":{"line":22,"column":3}},"12":{"start":{"line":19,"column":4},"end":{"line":19,"column":17}},"13":{"start":{"line":21,"column":4},"end":{"line":21,"column":29}},"14":{"start":{"line":25,"column":0},"end":{"line":27,"column":1}},"15":{"start":{"line":26,"column":2},"end":{"line":26,"column":48}},"16":{"start":{"line":29,"column":0},"end":{"line":31,"column":1}},"17":{"start":{"line":30,"column":2},"end":{"line":30,"column":49}},"18":{"start":{"line":33,"column":0},"end":{"line":33,"column":44}},"19":{"start":{"line":34,"column":0},"end":{"line":34,"column":40}},"20":{"start":{"line":35,"column":0},"end":{"line":35,"column":44}},"21":{"start":{"line":36,"column":0},"end":{"line":36,"column":44}}},"branchMap":{"1":{"line":5,"type":"if","locations":[{"start":{"line":5,"column":4},"end":{"line":5,"column":4}},{"start":{"line":5,"column":4},"end":{"line":5,"column":4}}]},"2":{"line":16,"type":"if","locations":[{"start":{"line":16,"column":2},"end":{"line":16,"column":2}},{"start":{"line":16,"column":2},"end":{"line":16,"column":2}}]},"3":{"line":18,"type":"if","locations":[{"start":{"line":18,"column":9},"end":{"line":18,"column":9}},{"start":{"line":18,"column":9},"end":{"line":18,"column":9}}]}},"code":["var C = require('./constants');","","function _findKeyForValue(object, value) {","  for (var key in object) {","    if (object[key] === value) {","      return key;","    }","  }","}","","function incomingToString(incoming) {","  return _findKeyForValue(C.INCOMING, incoming);","}","","function numberToString(number) {","  if (number === Number.MAX_VALUE) {","    return 'MAX';","  } else if (number === Number.MIN_VALUE) {","    return 'MIN';","  } else {","    return number.toString();","  }","}","","function outgoingToString(outgoing) {","  return _findKeyForValue(C.OUTGOING, outgoing);","}","","function tickTypeToString(tickType) {","  return _findKeyForValue(C.TICK_TYPE, tickType);","}","","exports.incomingToString = incomingToString;","exports.numberToString = numberToString;","exports.outgoingToString = outgoingToString;","exports.tickTypeToString = tickTypeToString;",""],"l":{"1":1,"3":1,"4":0,"5":0,"6":0,"11":1,"12":0,"15":1,"16":0,"17":0,"18":0,"19":0,"21":0,"25":1,"26":0,"29":1,"30":0,"33":1,"34":1,"35":1,"36":1}}}